<?xml version="1.0" encoding="UTF-8"?>
<testsuites>
  <testsuite name="" tests="708" assertions="2028" errors="29" warnings="4" failures="0" skipped="68" time="42.454222">
    <testsuite name="OFX Parser Test Suite" tests="708" assertions="2028" errors="29" warnings="4" failures="0" skipped="68" time="42.454222">
      <testsuite name="Tests\Builder\TransactionBuilderTest" file="C:\Users\prote\Documents\software-devel\ksf_ofxparser\tests\Builder\TransactionBuilderTest.php" tests="30" assertions="36" errors="0" warnings="0" failures="0" skipped="0" time="0.099800">
        <testcase name="testCreateFreshBuilder" class="Tests\Builder\TransactionBuilderTest" classname="Tests.Builder.TransactionBuilderTest" file="C:\Users\prote\Documents\software-devel\ksf_ofxparser\tests\Builder\TransactionBuilderTest.php" line="36" assertions="2" time="0.021966"/>
        <testcase name="testBuildTransactionsFromXML" class="Tests\Builder\TransactionBuilderTest" classname="Tests.Builder.TransactionBuilderTest" file="C:\Users\prote\Documents\software-devel\ksf_ofxparser\tests\Builder\TransactionBuilderTest.php" line="49" assertions="1" time="0.004039"/>
        <testcase name="testBuilderWithRecoveryContextIntegration" class="Tests\Builder\TransactionBuilderTest" classname="Tests.Builder.TransactionBuilderTest" file="C:\Users\prote\Documents\software-devel\ksf_ofxparser\tests\Builder\TransactionBuilderTest.php" line="77" assertions="1" time="0.001278"/>
        <testcase name="testBuilderWithMetricsIntegration" class="Tests\Builder\TransactionBuilderTest" classname="Tests.Builder.TransactionBuilderTest" file="C:\Users\prote\Documents\software-devel\ksf_ofxparser\tests\Builder\TransactionBuilderTest.php" line="89" assertions="1" time="0.001128"/>
        <testcase name="testBuilderInstancesAreIndependent" class="Tests\Builder\TransactionBuilderTest" classname="Tests.Builder.TransactionBuilderTest" file="C:\Users\prote\Documents\software-devel\ksf_ofxparser\tests\Builder\TransactionBuilderTest.php" line="101" assertions="3" time="0.003761"/>
        <testcase name="testFieldExtractorIsInjected" class="Tests\Builder\TransactionBuilderTest" classname="Tests.Builder.TransactionBuilderTest" file="C:\Users\prote\Documents\software-devel\ksf_ofxparser\tests\Builder\TransactionBuilderTest.php" line="122" assertions="1" time="0.001265"/>
        <testcase name="testRecoveryContextIsInjected" class="Tests\Builder\TransactionBuilderTest" classname="Tests.Builder.TransactionBuilderTest" file="C:\Users\prote\Documents\software-devel\ksf_ofxparser\tests\Builder\TransactionBuilderTest.php" line="134" assertions="1" time="0.001141"/>
        <testcase name="testMetricsIsInjected" class="Tests\Builder\TransactionBuilderTest" classname="Tests.Builder.TransactionBuilderTest" file="C:\Users\prote\Documents\software-devel\ksf_ofxparser\tests\Builder\TransactionBuilderTest.php" line="146" assertions="1" time="0.001479"/>
        <testcase name="testBuildWithSingleTransaction" class="Tests\Builder\TransactionBuilderTest" classname="Tests.Builder.TransactionBuilderTest" file="C:\Users\prote\Documents\software-devel\ksf_ofxparser\tests\Builder\TransactionBuilderTest.php" line="158" assertions="1" time="0.001398"/>
        <testcase name="testBuildWithMultipleTransactions" class="Tests\Builder\TransactionBuilderTest" classname="Tests.Builder.TransactionBuilderTest" file="C:\Users\prote\Documents\software-devel\ksf_ofxparser\tests\Builder\TransactionBuilderTest.php" line="184" assertions="1" time="0.001431"/>
        <testcase name="testRecoveryContextAppliedToBuilder" class="Tests\Builder\TransactionBuilderTest" classname="Tests.Builder.TransactionBuilderTest" file="C:\Users\prote\Documents\software-devel\ksf_ofxparser\tests\Builder\TransactionBuilderTest.php" line="215" assertions="1" time="0.001174"/>
        <testcase name="testMetricsCollectedDuringBuild" class="Tests\Builder\TransactionBuilderTest" classname="Tests.Builder.TransactionBuilderTest" file="C:\Users\prote\Documents\software-devel\ksf_ofxparser\tests\Builder\TransactionBuilderTest.php" line="229" assertions="1" time="0.001255"/>
        <testcase name="testBuilderHandlesMalformedXML" class="Tests\Builder\TransactionBuilderTest" classname="Tests.Builder.TransactionBuilderTest" file="C:\Users\prote\Documents\software-devel\ksf_ofxparser\tests\Builder\TransactionBuilderTest.php" line="243" assertions="1" time="0.001588"/>
        <testcase name="testBuilderHandlesMissingTransactionId" class="Tests\Builder\TransactionBuilderTest" classname="Tests.Builder.TransactionBuilderTest" file="C:\Users\prote\Documents\software-devel\ksf_ofxparser\tests\Builder\TransactionBuilderTest.php" line="264" assertions="1" time="0.001525"/>
        <testcase name="testBuilderHandlesMissingAmount" class="Tests\Builder\TransactionBuilderTest" classname="Tests.Builder.TransactionBuilderTest" file="C:\Users\prote\Documents\software-devel\ksf_ofxparser\tests\Builder\TransactionBuilderTest.php" line="290" assertions="1" time="0.001428"/>
        <testcase name="testBuilderWithZeroAmount" class="Tests\Builder\TransactionBuilderTest" classname="Tests.Builder.TransactionBuilderTest" file="C:\Users\prote\Documents\software-devel\ksf_ofxparser\tests\Builder\TransactionBuilderTest.php" line="316" assertions="1" time="0.001666"/>
        <testcase name="testBuilderWithNegativeAmount" class="Tests\Builder\TransactionBuilderTest" classname="Tests.Builder.TransactionBuilderTest" file="C:\Users\prote\Documents\software-devel\ksf_ofxparser\tests\Builder\TransactionBuilderTest.php" line="342" assertions="1" time="0.001573"/>
        <testcase name="testBuilderWithLargeAmount" class="Tests\Builder\TransactionBuilderTest" classname="Tests.Builder.TransactionBuilderTest" file="C:\Users\prote\Documents\software-devel\ksf_ofxparser\tests\Builder\TransactionBuilderTest.php" line="368" assertions="1" time="0.006695"/>
        <testcase name="testBuilderWithSpecialCharactersInMemo" class="Tests\Builder\TransactionBuilderTest" classname="Tests.Builder.TransactionBuilderTest" file="C:\Users\prote\Documents\software-devel\ksf_ofxparser\tests\Builder\TransactionBuilderTest.php" line="394" assertions="1" time="0.001692"/>
        <testcase name="testBuilderApplesFieldValidation" class="Tests\Builder\TransactionBuilderTest" classname="Tests.Builder.TransactionBuilderTest" file="C:\Users\prote\Documents\software-devel\ksf_ofxparser\tests\Builder\TransactionBuilderTest.php" line="420" assertions="1" time="0.001887"/>
        <testcase name="testBuilderHandlesEmptyMemo" class="Tests\Builder\TransactionBuilderTest" classname="Tests.Builder.TransactionBuilderTest" file="C:\Users\prote\Documents\software-devel\ksf_ofxparser\tests\Builder\TransactionBuilderTest.php" line="448" assertions="1" time="0.001519"/>
        <testcase name="testBuilderWithUnicodeCharacters" class="Tests\Builder\TransactionBuilderTest" classname="Tests.Builder.TransactionBuilderTest" file="C:\Users\prote\Documents\software-devel\ksf_ofxparser\tests\Builder\TransactionBuilderTest.php" line="474" assertions="1" time="0.001484"/>
        <testcase name="testBuilderPassesFieldExtractorThrough" class="Tests\Builder\TransactionBuilderTest" classname="Tests.Builder.TransactionBuilderTest" file="C:\Users\prote\Documents\software-devel\ksf_ofxparser\tests\Builder\TransactionBuilderTest.php" line="500" assertions="1" time="0.001247"/>
        <testcase name="testBuilderPassesRecoveryContextThrough" class="Tests\Builder\TransactionBuilderTest" classname="Tests.Builder.TransactionBuilderTest" file="C:\Users\prote\Documents\software-devel\ksf_ofxparser\tests\Builder\TransactionBuilderTest.php" line="514" assertions="1" time="0.001206"/>
        <testcase name="testBuilderReturnsArrayOfTransactions" class="Tests\Builder\TransactionBuilderTest" classname="Tests.Builder.TransactionBuilderTest" file="C:\Users\prote\Documents\software-devel\ksf_ofxparser\tests\Builder\TransactionBuilderTest.php" line="528" assertions="1" time="0.001609"/>
        <testcase name="testBuilderHandlesWhitespaceInAmounts" class="Tests\Builder\TransactionBuilderTest" classname="Tests.Builder.TransactionBuilderTest" file="C:\Users\prote\Documents\software-devel\ksf_ofxparser\tests\Builder\TransactionBuilderTest.php" line="555" assertions="1" time="0.001572"/>
        <testcase name="testBuilderWithLongTransactionId" class="Tests\Builder\TransactionBuilderTest" classname="Tests.Builder.TransactionBuilderTest" file="C:\Users\prote\Documents\software-devel\ksf_ofxparser\tests\Builder\TransactionBuilderTest.php" line="581" assertions="1" time="0.008115"/>
        <testcase name="testBuilderHandlesManyTransactions" class="Tests\Builder\TransactionBuilderTest" classname="Tests.Builder.TransactionBuilderTest" file="C:\Users\prote\Documents\software-devel\ksf_ofxparser\tests\Builder\TransactionBuilderTest.php" line="606" assertions="3" time="0.021157"/>
        <testcase name="testBuilderStatePersistsAcrossCalls" class="Tests\Builder\TransactionBuilderTest" classname="Tests.Builder.TransactionBuilderTest" file="C:\Users\prote\Documents\software-devel\ksf_ofxparser\tests\Builder\TransactionBuilderTest.php" line="634" assertions="2" time="0.001249"/>
        <testcase name="testBuilderWithStrictMode" class="Tests\Builder\TransactionBuilderTest" classname="Tests.Builder.TransactionBuilderTest" file="C:\Users\prote\Documents\software-devel\ksf_ofxparser\tests\Builder\TransactionBuilderTest.php" line="649" assertions="1" time="0.001274"/>
      </testsuite>
      <testsuite name="Tests\Config\DefensiveParsingConfigTest" file="C:\Users\prote\Documents\software-devel\ksf_ofxparser\tests\Config\DefensiveParsingConfigTest.php" tests="25" assertions="45" errors="0" warnings="0" failures="0" skipped="0" time="0.052804">
        <testcase name="testCreateDefaultConfiguration" class="Tests\Config\DefensiveParsingConfigTest" classname="Tests.Config.DefensiveParsingConfigTest" file="C:\Users\prote\Documents\software-devel\ksf_ofxparser\tests\Config\DefensiveParsingConfigTest.php" line="19" assertions="3" time="0.001609"/>
        <testcase name="testAddFieldSpecificStrategy" class="Tests\Config\DefensiveParsingConfigTest" classname="Tests.Config.DefensiveParsingConfigTest" file="C:\Users\prote\Documents\software-devel\ksf_ofxparser\tests\Config\DefensiveParsingConfigTest.php" line="29" assertions="1" time="0.002005"/>
        <testcase name="testAddDefaultValueStrategy" class="Tests\Config\DefensiveParsingConfigTest" classname="Tests.Config.DefensiveParsingConfigTest" file="C:\Users\prote\Documents\software-devel\ksf_ofxparser\tests\Config\DefensiveParsingConfigTest.php" line="41" assertions="1" time="0.003870"/>
        <testcase name="testAddZeroAmountStrategy" class="Tests\Config\DefensiveParsingConfigTest" classname="Tests.Config.DefensiveParsingConfigTest" file="C:\Users\prote\Documents\software-devel\ksf_ofxparser\tests\Config\DefensiveParsingConfigTest.php" line="53" assertions="1" time="0.001056"/>
        <testcase name="testAddEmptyStringStrategy" class="Tests\Config\DefensiveParsingConfigTest" classname="Tests.Config.DefensiveParsingConfigTest" file="C:\Users\prote\Documents\software-devel\ksf_ofxparser\tests\Config\DefensiveParsingConfigTest.php" line="63" assertions="1" time="0.002768"/>
        <testcase name="testAddCurrentDateStrategy" class="Tests\Config\DefensiveParsingConfigTest" classname="Tests.Config.DefensiveParsingConfigTest" file="C:\Users\prote\Documents\software-devel\ksf_ofxparser\tests\Config\DefensiveParsingConfigTest.php" line="73" assertions="1" time="0.006160"/>
        <testcase name="testAddNullStrategy" class="Tests\Config\DefensiveParsingConfigTest" classname="Tests.Config.DefensiveParsingConfigTest" file="C:\Users\prote\Documents\software-devel\ksf_ofxparser\tests\Config\DefensiveParsingConfigTest.php" line="83" assertions="1" time="0.001170"/>
        <testcase name="testRegisterTransactionStrategy" class="Tests\Config\DefensiveParsingConfigTest" classname="Tests.Config.DefensiveParsingConfigTest" file="C:\Users\prote\Documents\software-devel\ksf_ofxparser\tests\Config\DefensiveParsingConfigTest.php" line="93" assertions="1" time="0.001088"/>
        <testcase name="testAddSkipTransactionStrategy" class="Tests\Config\DefensiveParsingConfigTest" classname="Tests.Config.DefensiveParsingConfigTest" file="C:\Users\prote\Documents\software-devel\ksf_ofxparser\tests\Config\DefensiveParsingConfigTest.php" line="105" assertions="1" time="0.001137"/>
        <testcase name="testAddLogAndContinueStrategy" class="Tests\Config\DefensiveParsingConfigTest" classname="Tests.Config.DefensiveParsingConfigTest" file="C:\Users\prote\Documents\software-devel\ksf_ofxparser\tests\Config\DefensiveParsingConfigTest.php" line="115" assertions="1" time="0.001853"/>
        <testcase name="testAddPartialTransactionStrategy" class="Tests\Config\DefensiveParsingConfigTest" classname="Tests.Config.DefensiveParsingConfigTest" file="C:\Users\prote\Documents\software-devel\ksf_ofxparser\tests\Config\DefensiveParsingConfigTest.php" line="125" assertions="1" time="0.001101"/>
        <testcase name="testGetStrategyForException" class="Tests\Config\DefensiveParsingConfigTest" classname="Tests.Config.DefensiveParsingConfigTest" file="C:\Users\prote\Documents\software-devel\ksf_ofxparser\tests\Config\DefensiveParsingConfigTest.php" line="135" assertions="1" time="0.001134"/>
        <testcase name="testReturnNullForUnconfiguredException" class="Tests\Config\DefensiveParsingConfigTest" classname="Tests.Config.DefensiveParsingConfigTest" file="C:\Users\prote\Documents\software-devel\ksf_ofxparser\tests\Config\DefensiveParsingConfigTest.php" line="149" assertions="1" time="0.001157"/>
        <testcase name="testFieldStrategyOverridesDefault" class="Tests\Config\DefensiveParsingConfigTest" classname="Tests.Config.DefensiveParsingConfigTest" file="C:\Users\prote\Documents\software-devel\ksf_ofxparser\tests\Config\DefensiveParsingConfigTest.php" line="160" assertions="1" time="0.006365"/>
        <testcase name="testEnableDisableStrictMode" class="Tests\Config\DefensiveParsingConfigTest" classname="Tests.Config.DefensiveParsingConfigTest" file="C:\Users\prote\Documents\software-devel\ksf_ofxparser\tests\Config\DefensiveParsingConfigTest.php" line="175" assertions="3" time="0.001134"/>
        <testcase name="testEnableDisableMetrics" class="Tests\Config\DefensiveParsingConfigTest" classname="Tests.Config.DefensiveParsingConfigTest" file="C:\Users\prote\Documents\software-devel\ksf_ofxparser\tests\Config\DefensiveParsingConfigTest.php" line="189" assertions="3" time="0.007914"/>
        <testcase name="testGetAllFieldStrategies" class="Tests\Config\DefensiveParsingConfigTest" classname="Tests.Config.DefensiveParsingConfigTest" file="C:\Users\prote\Documents\software-devel\ksf_ofxparser\tests\Config\DefensiveParsingConfigTest.php" line="203" assertions="4" time="0.002110"/>
        <testcase name="testGetAllTransactionStrategies" class="Tests\Config\DefensiveParsingConfigTest" classname="Tests.Config.DefensiveParsingConfigTest" file="C:\Users\prote\Documents\software-devel\ksf_ofxparser\tests\Config\DefensiveParsingConfigTest.php" line="221" assertions="4" time="0.001320"/>
        <testcase name="testMultipleConfigurationsIndependent" class="Tests\Config\DefensiveParsingConfigTest" classname="Tests.Config.DefensiveParsingConfigTest" file="C:\Users\prote\Documents\software-devel\ksf_ofxparser\tests\Config\DefensiveParsingConfigTest.php" line="239" assertions="4" time="0.001181"/>
        <testcase name="testConfigurationModifiable" class="Tests\Config\DefensiveParsingConfigTest" classname="Tests.Config.DefensiveParsingConfigTest" file="C:\Users\prote\Documents\software-devel\ksf_ofxparser\tests\Config\DefensiveParsingConfigTest.php" line="258" assertions="6" time="0.001390"/>
        <testcase name="testDefaultConfigurationIncludes" class="Tests\Config\DefensiveParsingConfigTest" classname="Tests.Config.DefensiveParsingConfigTest" file="C:\Users\prote\Documents\software-devel\ksf_ofxparser\tests\Config\DefensiveParsingConfigTest.php" line="277" assertions="1" time="0.000959"/>
        <testcase name="testStrategyRetrievalExceptionNameAware" class="Tests\Config\DefensiveParsingConfigTest" classname="Tests.Config.DefensiveParsingConfigTest" file="C:\Users\prote\Documents\software-devel\ksf_ofxparser\tests\Config\DefensiveParsingConfigTest.php" line="286" assertions="1" time="0.001137"/>
        <testcase name="testFluentConfigurationChain" class="Tests\Config\DefensiveParsingConfigTest" classname="Tests.Config.DefensiveParsingConfigTest" file="C:\Users\prote\Documents\software-devel\ksf_ofxparser\tests\Config\DefensiveParsingConfigTest.php" line="301" assertions="1" time="0.000907"/>
        <testcase name="testConfigurationPersistence" class="Tests\Config\DefensiveParsingConfigTest" classname="Tests.Config.DefensiveParsingConfigTest" file="C:\Users\prote\Documents\software-devel\ksf_ofxparser\tests\Config\DefensiveParsingConfigTest.php" line="316" assertions="1" time="0.001025"/>
        <testcase name="testStrategyImmutabilityOrReset" class="Tests\Config\DefensiveParsingConfigTest" classname="Tests.Config.DefensiveParsingConfigTest" file="C:\Users\prote\Documents\software-devel\ksf_ofxparser\tests\Config\DefensiveParsingConfigTest.php" line="330" assertions="1" time="0.001253"/>
      </testsuite>
      <testsuite name="OfxParserTest\DefensiveParsing\DefensiveParsingConfigTest" file="C:\Users\prote\Documents\software-devel\ksf_ofxparser\tests\DefensiveParsing\DefensiveParsingConfigTest.php" tests="9" assertions="18" errors="0" warnings="0" failures="0" skipped="0" time="0.011593">
        <testcase name="testCreateDefaultConfiguration" class="OfxParserTest\DefensiveParsing\DefensiveParsingConfigTest" classname="OfxParserTest.DefensiveParsing.DefensiveParsingConfigTest" file="C:\Users\prote\Documents\software-devel\ksf_ofxparser\tests\DefensiveParsing\DefensiveParsingConfigTest.php" line="16" assertions="3" time="0.001127"/>
        <testcase name="testCreateStrictConfiguration" class="OfxParserTest\DefensiveParsing\DefensiveParsingConfigTest" classname="OfxParserTest.DefensiveParsing.DefensiveParsingConfigTest" file="C:\Users\prote\Documents\software-devel\ksf_ofxparser\tests\DefensiveParsing\DefensiveParsingConfigTest.php" line="25" assertions="2" time="0.000929"/>
        <testcase name="testCreateLenientConfiguration" class="OfxParserTest\DefensiveParsing\DefensiveParsingConfigTest" classname="OfxParserTest.DefensiveParsing.DefensiveParsingConfigTest" file="C:\Users\prote\Documents\software-devel\ksf_ofxparser\tests\DefensiveParsing\DefensiveParsingConfigTest.php" line="33" assertions="3" time="0.001167"/>
        <testcase name="testSetFieldStrategy" class="OfxParserTest\DefensiveParsing\DefensiveParsingConfigTest" classname="OfxParserTest.DefensiveParsing.DefensiveParsingConfigTest" file="C:\Users\prote\Documents\software-devel\ksf_ofxparser\tests\DefensiveParsing\DefensiveParsingConfigTest.php" line="45" assertions="2" time="0.001217"/>
        <testcase name="testSetTransactionStrategy" class="OfxParserTest\DefensiveParsing\DefensiveParsingConfigTest" classname="OfxParserTest.DefensiveParsing.DefensiveParsingConfigTest" file="C:\Users\prote\Documents\software-devel\ksf_ofxparser\tests\DefensiveParsing\DefensiveParsingConfigTest.php" line="57" assertions="2" time="0.001172"/>
        <testcase name="testGetStrategyForException" class="OfxParserTest\DefensiveParsing\DefensiveParsingConfigTest" classname="OfxParserTest.DefensiveParsing.DefensiveParsingConfigTest" file="C:\Users\prote\Documents\software-devel\ksf_ofxparser\tests\DefensiveParsing\DefensiveParsingConfigTest.php" line="69" assertions="1" time="0.001841"/>
        <testcase name="testGetStrategyForExceptionReturnsNullWhenNotConfigured" class="OfxParserTest\DefensiveParsing\DefensiveParsingConfigTest" classname="OfxParserTest.DefensiveParsing.DefensiveParsingConfigTest" file="C:\Users\prote\Documents\software-devel\ksf_ofxparser\tests\DefensiveParsing\DefensiveParsingConfigTest.php" line="81" assertions="1" time="0.001723"/>
        <testcase name="testSetMetricsEnabled" class="OfxParserTest\DefensiveParsing\DefensiveParsingConfigTest" classname="OfxParserTest.DefensiveParsing.DefensiveParsingConfigTest" file="C:\Users\prote\Documents\software-devel\ksf_ofxparser\tests\DefensiveParsing\DefensiveParsingConfigTest.php" line="91" assertions="2" time="0.001223"/>
        <testcase name="testSetStrictMode" class="OfxParserTest\DefensiveParsing\DefensiveParsingConfigTest" classname="OfxParserTest.DefensiveParsing.DefensiveParsingConfigTest" file="C:\Users\prote\Documents\software-devel\ksf_ofxparser\tests\DefensiveParsing\DefensiveParsingConfigTest.php" line="102" assertions="2" time="0.001195"/>
      </testsuite>
      <testsuite name="OfxParserTest\DefensiveParsing\ExceptionsTest" file="C:\Users\prote\Documents\software-devel\ksf_ofxparser\tests\DefensiveParsing\ExceptionsTest.php" tests="9" assertions="30" errors="0" warnings="0" failures="0" skipped="0" time="0.019703">
        <testcase name="testOfxParsingExceptionWithContext" class="OfxParserTest\DefensiveParsing\ExceptionsTest" classname="OfxParserTest.DefensiveParsing.ExceptionsTest" file="C:\Users\prote\Documents\software-devel\ksf_ofxparser\tests\DefensiveParsing\ExceptionsTest.php" line="17" assertions="3" time="0.001019"/>
        <testcase name="testOfxParsingExceptionWithoutContext" class="OfxParserTest\DefensiveParsing\ExceptionsTest" classname="OfxParserTest.DefensiveParsing.ExceptionsTest" file="C:\Users\prote\Documents\software-devel\ksf_ofxparser\tests\DefensiveParsing\ExceptionsTest.php" line="27" assertions="2" time="0.001034"/>
        <testcase name="testRequiredFieldMissingException" class="OfxParserTest\DefensiveParsing\ExceptionsTest" classname="OfxParserTest.DefensiveParsing.ExceptionsTest" file="C:\Users\prote\Documents\software-devel\ksf_ofxparser\tests\DefensiveParsing\ExceptionsTest.php" line="35" assertions="4" time="0.001806"/>
        <testcase name="testOptionalFieldMissingException" class="OfxParserTest\DefensiveParsing\ExceptionsTest" classname="OfxParserTest.DefensiveParsing.ExceptionsTest" file="C:\Users\prote\Documents\software-devel\ksf_ofxparser\tests\DefensiveParsing\ExceptionsTest.php" line="45" assertions="3" time="0.001284"/>
        <testcase name="testInvalidFieldFormatException" class="OfxParserTest\DefensiveParsing\ExceptionsTest" classname="OfxParserTest.DefensiveParsing.ExceptionsTest" file="C:\Users\prote\Documents\software-devel\ksf_ofxparser\tests\DefensiveParsing\ExceptionsTest.php" line="54" assertions="4" time="0.002027"/>
        <testcase name="testInvalidFieldValueException" class="OfxParserTest\DefensiveParsing\ExceptionsTest" classname="OfxParserTest.DefensiveParsing.ExceptionsTest" file="C:\Users\prote\Documents\software-devel\ksf_ofxparser\tests\DefensiveParsing\ExceptionsTest.php" line="64" assertions="4" time="0.001225"/>
        <testcase name="testTransactionParsingException" class="OfxParserTest\DefensiveParsing\ExceptionsTest" classname="OfxParserTest.DefensiveParsing.ExceptionsTest" file="C:\Users\prote\Documents\software-devel\ksf_ofxparser\tests\DefensiveParsing\ExceptionsTest.php" line="74" assertions="3" time="0.007469"/>
        <testcase name="testCorruptTransactionException" class="OfxParserTest\DefensiveParsing\ExceptionsTest" classname="OfxParserTest.DefensiveParsing.ExceptionsTest" file="C:\Users\prote\Documents\software-devel\ksf_ofxparser\tests\DefensiveParsing\ExceptionsTest.php" line="83" assertions="3" time="0.002038"/>
        <testcase name="testIncompleteTransactionException" class="OfxParserTest\DefensiveParsing\ExceptionsTest" classname="OfxParserTest.DefensiveParsing.ExceptionsTest" file="C:\Users\prote\Documents\software-devel\ksf_ofxparser\tests\DefensiveParsing\ExceptionsTest.php" line="92" assertions="4" time="0.001801"/>
      </testsuite>
      <testsuite name="OfxParserTest\DefensiveParsing\FieldExtractorTest" file="C:\Users\prote\Documents\software-devel\ksf_ofxparser\tests\DefensiveParsing\FieldExtractorTest.php" tests="4" assertions="4" errors="0" warnings="0" failures="0" skipped="0" time="0.010191">
        <testcase name="testExtractRequiredFieldSuccess" class="OfxParserTest\DefensiveParsing\FieldExtractorTest" classname="OfxParserTest.DefensiveParsing.FieldExtractorTest" file="C:\Users\prote\Documents\software-devel\ksf_ofxparser\tests\DefensiveParsing\FieldExtractorTest.php" line="28" assertions="1" time="0.001096"/>
        <testcase name="testExtractOptionalFieldSuccess" class="OfxParserTest\DefensiveParsing\FieldExtractorTest" classname="OfxParserTest.DefensiveParsing.FieldExtractorTest" file="C:\Users\prote\Documents\software-devel\ksf_ofxparser\tests\DefensiveParsing\FieldExtractorTest.php" line="37" assertions="1" time="0.001158"/>
        <testcase name="testExtractRequiredAmount" class="OfxParserTest\DefensiveParsing\FieldExtractorTest" classname="OfxParserTest.DefensiveParsing.FieldExtractorTest" file="C:\Users\prote\Documents\software-devel\ksf_ofxparser\tests\DefensiveParsing\FieldExtractorTest.php" line="46" assertions="1" time="0.006742"/>
        <testcase name="testExtractOptionalAmount" class="OfxParserTest\DefensiveParsing\FieldExtractorTest" classname="OfxParserTest.DefensiveParsing.FieldExtractorTest" file="C:\Users\prote\Documents\software-devel\ksf_ofxparser\tests\DefensiveParsing\FieldExtractorTest.php" line="55" assertions="1" time="0.001195"/>
      </testsuite>
      <testsuite name="OfxParserTest\DefensiveParsing\ParserIntegrationTest" file="C:\Users\prote\Documents\software-devel\ksf_ofxparser\tests\DefensiveParsing\ParserIntegrationTest.php" tests="3" assertions="3" errors="0" warnings="0" failures="0" skipped="0" time="0.048374">
        <testcase name="testParserWithoutDefensiveParsing" class="OfxParserTest\DefensiveParsing\ParserIntegrationTest" classname="OfxParserTest.DefensiveParsing.ParserIntegrationTest" file="C:\Users\prote\Documents\software-devel\ksf_ofxparser\tests\DefensiveParsing\ParserIntegrationTest.php" line="13" assertions="1" time="0.009139"/>
        <testcase name="testParserWithDefensiveParsingEnabled" class="OfxParserTest\DefensiveParsing\ParserIntegrationTest" classname="OfxParserTest.DefensiveParsing.ParserIntegrationTest" file="C:\Users\prote\Documents\software-devel\ksf_ofxparser\tests\DefensiveParsing\ParserIntegrationTest.php" line="20" assertions="1" time="0.007965"/>
        <testcase name="testParserWithDefensiveParsingCustomConfig" class="OfxParserTest\DefensiveParsing\ParserIntegrationTest" classname="OfxParserTest.DefensiveParsing.ParserIntegrationTest" file="C:\Users\prote\Documents\software-devel\ksf_ofxparser\tests\DefensiveParsing\ParserIntegrationTest.php" line="28" assertions="1" time="0.031270"/>
      </testsuite>
      <testsuite name="OfxParserTest\DefensiveParsing\ParsingMetricsTest" file="C:\Users\prote\Documents\software-devel\ksf_ofxparser\tests\DefensiveParsing\ParsingMetricsTest.php" tests="15" assertions="48" errors="0" warnings="0" failures="0" skipped="0" time="0.025093">
        <testcase name="testInitialState" class="OfxParserTest\DefensiveParsing\ParsingMetricsTest" classname="OfxParserTest.DefensiveParsing.ParsingMetricsTest" file="C:\Users\prote\Documents\software-devel\ksf_ofxparser\tests\DefensiveParsing\ParsingMetricsTest.php" line="17" assertions="6" time="0.001210"/>
        <testcase name="testIncrementSuccessfulTransaction" class="OfxParserTest\DefensiveParsing\ParsingMetricsTest" classname="OfxParserTest.DefensiveParsing.ParsingMetricsTest" file="C:\Users\prote\Documents\software-devel\ksf_ofxparser\tests\DefensiveParsing\ParsingMetricsTest.php" line="27" assertions="2" time="0.001606"/>
        <testcase name="testIncrementIncompleteTransaction" class="OfxParserTest\DefensiveParsing\ParsingMetricsTest" classname="OfxParserTest.DefensiveParsing.ParsingMetricsTest" file="C:\Users\prote\Documents\software-devel\ksf_ofxparser\tests\DefensiveParsing\ParsingMetricsTest.php" line="36" assertions="2" time="0.001087"/>
        <testcase name="testIncrementCorruptTransaction" class="OfxParserTest\DefensiveParsing\ParsingMetricsTest" classname="OfxParserTest.DefensiveParsing.ParsingMetricsTest" file="C:\Users\prote\Documents\software-devel\ksf_ofxparser\tests\DefensiveParsing\ParsingMetricsTest.php" line="44" assertions="2" time="0.001068"/>
        <testcase name="testIncrementUnexpectedError" class="OfxParserTest\DefensiveParsing\ParsingMetricsTest" classname="OfxParserTest.DefensiveParsing.ParsingMetricsTest" file="C:\Users\prote\Documents\software-devel\ksf_ofxparser\tests\DefensiveParsing\ParsingMetricsTest.php" line="52" assertions="1" time="0.001011"/>
        <testcase name="testSuccessRateCalculation" class="OfxParserTest\DefensiveParsing\ParsingMetricsTest" classname="OfxParserTest.DefensiveParsing.ParsingMetricsTest" file="C:\Users\prote\Documents\software-devel\ksf_ofxparser\tests\DefensiveParsing\ParsingMetricsTest.php" line="59" assertions="1" time="0.001084"/>
        <testcase name="testSuccessRateWithZeroTransactions" class="OfxParserTest\DefensiveParsing\ParsingMetricsTest" classname="OfxParserTest.DefensiveParsing.ParsingMetricsTest" file="C:\Users\prote\Documents\software-devel\ksf_ofxparser\tests\DefensiveParsing\ParsingMetricsTest.php" line="70" assertions="1" time="0.001498"/>
        <testcase name="testIncrementMissingRequiredField" class="OfxParserTest\DefensiveParsing\ParsingMetricsTest" classname="OfxParserTest.DefensiveParsing.ParsingMetricsTest" file="C:\Users\prote\Documents\software-devel\ksf_ofxparser\tests\DefensiveParsing\ParsingMetricsTest.php" line="75" assertions="4" time="0.006638"/>
        <testcase name="testIncrementMissingOptionalField" class="OfxParserTest\DefensiveParsing\ParsingMetricsTest" classname="OfxParserTest.DefensiveParsing.ParsingMetricsTest" file="C:\Users\prote\Documents\software-devel\ksf_ofxparser\tests\DefensiveParsing\ParsingMetricsTest.php" line="88" assertions="4" time="0.001318"/>
        <testcase name="testIncrementFieldRecovery" class="OfxParserTest\DefensiveParsing\ParsingMetricsTest" classname="OfxParserTest.DefensiveParsing.ParsingMetricsTest" file="C:\Users\prote\Documents\software-devel\ksf_ofxparser\tests\DefensiveParsing\ParsingMetricsTest.php" line="101" assertions="2" time="0.001207"/>
        <testcase name="testLogCorruptTransaction" class="OfxParserTest\DefensiveParsing\ParsingMetricsTest" classname="OfxParserTest.DefensiveParsing.ParsingMetricsTest" file="C:\Users\prote\Documents\software-devel\ksf_ofxparser\tests\DefensiveParsing\ParsingMetricsTest.php" line="111" assertions="5" time="0.001216"/>
        <testcase name="testLogIncompleteTransaction" class="OfxParserTest\DefensiveParsing\ParsingMetricsTest" classname="OfxParserTest.DefensiveParsing.ParsingMetricsTest" file="C:\Users\prote\Documents\software-devel\ksf_ofxparser\tests\DefensiveParsing\ParsingMetricsTest.php" line="123" assertions="3" time="0.001141"/>
        <testcase name="testLogUnexpectedError" class="OfxParserTest\DefensiveParsing\ParsingMetricsTest" classname="OfxParserTest.DefensiveParsing.ParsingMetricsTest" file="C:\Users\prote\Documents\software-devel\ksf_ofxparser\tests\DefensiveParsing\ParsingMetricsTest.php" line="134" assertions="4" time="0.002307"/>
        <testcase name="testToArray" class="OfxParserTest\DefensiveParsing\ParsingMetricsTest" classname="OfxParserTest.DefensiveParsing.ParsingMetricsTest" file="C:\Users\prote\Documents\software-devel\ksf_ofxparser\tests\DefensiveParsing\ParsingMetricsTest.php" line="145" assertions="6" time="0.001337"/>
        <testcase name="testReset" class="OfxParserTest\DefensiveParsing\ParsingMetricsTest" classname="OfxParserTest.DefensiveParsing.ParsingMetricsTest" file="C:\Users\prote\Documents\software-devel\ksf_ofxparser\tests\DefensiveParsing\ParsingMetricsTest.php" line="162" assertions="5" time="0.001366"/>
      </testsuite>
      <testsuite name="OfxParserTest\DefensiveParsing\ParsingResultTest" file="C:\Users\prote\Documents\software-devel\ksf_ofxparser\tests\DefensiveParsing\ParsingResultTest.php" tests="9" assertions="17" errors="0" warnings="0" failures="0" skipped="0" time="0.035694">
        <testcase name="testConstructorAndGetters" class="OfxParserTest\DefensiveParsing\ParsingResultTest" classname="OfxParserTest.DefensiveParsing.ParsingResultTest" file="C:\Users\prote\Documents\software-devel\ksf_ofxparser\tests\DefensiveParsing\ParsingResultTest.php" line="12" assertions="2" time="0.015740"/>
        <testcase name="testHasErrorsWhenNoErrors" class="OfxParserTest\DefensiveParsing\ParsingResultTest" classname="OfxParserTest.DefensiveParsing.ParsingResultTest" file="C:\Users\prote\Documents\software-devel\ksf_ofxparser\tests\DefensiveParsing\ParsingResultTest.php" line="24" assertions="1" time="0.001317"/>
        <testcase name="testHasErrorsWhenCorruptTransactions" class="OfxParserTest\DefensiveParsing\ParsingResultTest" classname="OfxParserTest.DefensiveParsing.ParsingResultTest" file="C:\Users\prote\Documents\software-devel\ksf_ofxparser\tests\DefensiveParsing\ParsingResultTest.php" line="37" assertions="1" time="0.005868"/>
        <testcase name="testHasErrorsWhenUnexpectedErrors" class="OfxParserTest\DefensiveParsing\ParsingResultTest" classname="OfxParserTest.DefensiveParsing.ParsingResultTest" file="C:\Users\prote\Documents\software-devel\ksf_ofxparser\tests\DefensiveParsing\ParsingResultTest.php" line="50" assertions="1" time="0.001333"/>
        <testcase name="testIsCompleteWhenAllSuccessful" class="OfxParserTest\DefensiveParsing\ParsingResultTest" classname="OfxParserTest.DefensiveParsing.ParsingResultTest" file="C:\Users\prote\Documents\software-devel\ksf_ofxparser\tests\DefensiveParsing\ParsingResultTest.php" line="63" assertions="1" time="0.001346"/>
        <testcase name="testIsCompleteWhenIncompleteTransactions" class="OfxParserTest\DefensiveParsing\ParsingResultTest" classname="OfxParserTest.DefensiveParsing.ParsingResultTest" file="C:\Users\prote\Documents\software-devel\ksf_ofxparser\tests\DefensiveParsing\ParsingResultTest.php" line="76" assertions="1" time="0.001337"/>
        <testcase name="testGetSuccessRate" class="OfxParserTest\DefensiveParsing\ParsingResultTest" classname="OfxParserTest.DefensiveParsing.ParsingResultTest" file="C:\Users\prote\Documents\software-devel\ksf_ofxparser\tests\DefensiveParsing\ParsingResultTest.php" line="89" assertions="1" time="0.005806"/>
        <testcase name="testGetCountMethods" class="OfxParserTest\DefensiveParsing\ParsingResultTest" classname="OfxParserTest.DefensiveParsing.ParsingResultTest" file="C:\Users\prote\Documents\software-devel\ksf_ofxparser\tests\DefensiveParsing\ParsingResultTest.php" line="104" assertions="4" time="0.001432"/>
        <testcase name="testToArray" class="OfxParserTest\DefensiveParsing\ParsingResultTest" classname="OfxParserTest.DefensiveParsing.ParsingResultTest" file="C:\Users\prote\Documents\software-devel\ksf_ofxparser\tests\DefensiveParsing\ParsingResultTest.php" line="122" assertions="5" time="0.001516"/>
      </testsuite>
      <testsuite name="OfxParserTest\DefensiveParsing\RecoveryContextTest" file="C:\Users\prote\Documents\software-devel\ksf_ofxparser\tests\DefensiveParsing\RecoveryContextTest.php" tests="7" assertions="8" errors="0" warnings="0" failures="0" skipped="0" time="0.009027">
        <testcase name="testConstructorWithDefaultConfig" class="OfxParserTest\DefensiveParsing\RecoveryContextTest" classname="OfxParserTest.DefensiveParsing.RecoveryContextTest" file="C:\Users\prote\Documents\software-devel\ksf_ofxparser\tests\DefensiveParsing\RecoveryContextTest.php" line="15" assertions="2" time="0.001037"/>
        <testcase name="testCanRecoverReturnsFalseInStrictMode" class="OfxParserTest\DefensiveParsing\RecoveryContextTest" classname="OfxParserTest.DefensiveParsing.RecoveryContextTest" file="C:\Users\prote\Documents\software-devel\ksf_ofxparser\tests\DefensiveParsing\RecoveryContextTest.php" line="24" assertions="1" time="0.001373"/>
        <testcase name="testCanRecoverReturnsTrueWhenStrategyConfigured" class="OfxParserTest\DefensiveParsing\RecoveryContextTest" classname="OfxParserTest.DefensiveParsing.RecoveryContextTest" file="C:\Users\prote\Documents\software-devel\ksf_ofxparser\tests\DefensiveParsing\RecoveryContextTest.php" line="33" assertions="1" time="0.001131"/>
        <testcase name="testCanRecoverReturnsFalseWhenNoStrategyConfigured" class="OfxParserTest\DefensiveParsing\RecoveryContextTest" classname="OfxParserTest.DefensiveParsing.RecoveryContextTest" file="C:\Users\prote\Documents\software-devel\ksf_ofxparser\tests\DefensiveParsing\RecoveryContextTest.php" line="43" assertions="1" time="0.001185"/>
        <testcase name="testRecoverUsesConfiguredStrategy" class="OfxParserTest\DefensiveParsing\RecoveryContextTest" classname="OfxParserTest.DefensiveParsing.RecoveryContextTest" file="C:\Users\prote\Documents\software-devel\ksf_ofxparser\tests\DefensiveParsing\RecoveryContextTest.php" line="53" assertions="1" time="0.001178"/>
        <testcase name="testRecoverThrowsWhenNoStrategy" class="OfxParserTest\DefensiveParsing\RecoveryContextTest" classname="OfxParserTest.DefensiveParsing.RecoveryContextTest" file="C:\Users\prote\Documents\software-devel\ksf_ofxparser\tests\DefensiveParsing\RecoveryContextTest.php" line="65" assertions="1" time="0.001868"/>
        <testcase name="testRecoverForTransactionException" class="OfxParserTest\DefensiveParsing\RecoveryContextTest" classname="OfxParserTest.DefensiveParsing.RecoveryContextTest" file="C:\Users\prote\Documents\software-devel\ksf_ofxparser\tests\DefensiveParsing\RecoveryContextTest.php" line="77" assertions="1" time="0.001255"/>
      </testsuite>
      <testsuite name="OfxParserTest\DefensiveParsing\RecoveryStrategiesTest" file="C:\Users\prote\Documents\software-devel\ksf_ofxparser\tests\DefensiveParsing\RecoveryStrategiesTest.php" tests="11" assertions="29" errors="0" warnings="0" failures="0" skipped="0" time="0.026130">
        <testcase name="testEmptyStringStrategy" class="OfxParserTest\DefensiveParsing\RecoveryStrategiesTest" classname="OfxParserTest.DefensiveParsing.RecoveryStrategiesTest" file="C:\Users\prote\Documents\software-devel\ksf_ofxparser\tests\DefensiveParsing\RecoveryStrategiesTest.php" line="20" assertions="3" time="0.001254"/>
        <testcase name="testNullStrategy" class="OfxParserTest\DefensiveParsing\RecoveryStrategiesTest" classname="OfxParserTest.DefensiveParsing.RecoveryStrategiesTest" file="C:\Users\prote\Documents\software-devel\ksf_ofxparser\tests\DefensiveParsing\RecoveryStrategiesTest.php" line="30" assertions="3" time="0.001093"/>
        <testcase name="testDefaultValueStrategy" class="OfxParserTest\DefensiveParsing\RecoveryStrategiesTest" classname="OfxParserTest.DefensiveParsing.RecoveryStrategiesTest" file="C:\Users\prote\Documents\software-devel\ksf_ofxparser\tests\DefensiveParsing\RecoveryStrategiesTest.php" line="40" assertions="3" time="0.001122"/>
        <testcase name="testDefaultValueStrategyWithDifferentTypes" class="OfxParserTest\DefensiveParsing\RecoveryStrategiesTest" classname="OfxParserTest.DefensiveParsing.RecoveryStrategiesTest" file="C:\Users\prote\Documents\software-devel\ksf_ofxparser\tests\DefensiveParsing\RecoveryStrategiesTest.php" line="50" assertions="2" time="0.001016"/>
        <testcase name="testZeroAmountStrategy" class="OfxParserTest\DefensiveParsing\RecoveryStrategiesTest" classname="OfxParserTest.DefensiveParsing.RecoveryStrategiesTest" file="C:\Users\prote\Documents\software-devel\ksf_ofxparser\tests\DefensiveParsing\RecoveryStrategiesTest.php" line="59" assertions="3" time="0.001171"/>
        <testcase name="testCurrentDateStrategy" class="OfxParserTest\DefensiveParsing\RecoveryStrategiesTest" classname="OfxParserTest.DefensiveParsing.RecoveryStrategiesTest" file="C:\Users\prote\Documents\software-devel\ksf_ofxparser\tests\DefensiveParsing\RecoveryStrategiesTest.php" line="69" assertions="3" time="0.005899"/>
        <testcase name="testSkipTransactionStrategy" class="OfxParserTest\DefensiveParsing\RecoveryStrategiesTest" classname="OfxParserTest.DefensiveParsing.RecoveryStrategiesTest" file="C:\Users\prote\Documents\software-devel\ksf_ofxparser\tests\DefensiveParsing\RecoveryStrategiesTest.php" line="80" assertions="3" time="0.001153"/>
        <testcase name="testLogAndContinueStrategy" class="OfxParserTest\DefensiveParsing\RecoveryStrategiesTest" classname="OfxParserTest.DefensiveParsing.RecoveryStrategiesTest" file="C:\Users\prote\Documents\software-devel\ksf_ofxparser\tests\DefensiveParsing\RecoveryStrategiesTest.php" line="90" assertions="3" time="0.005561"/>
        <testcase name="testPartialTransactionStrategy" class="OfxParserTest\DefensiveParsing\RecoveryStrategiesTest" classname="OfxParserTest.DefensiveParsing.RecoveryStrategiesTest" file="C:\Users\prote\Documents\software-devel\ksf_ofxparser\tests\DefensiveParsing\RecoveryStrategiesTest.php" line="100" assertions="3" time="0.001162"/>
        <testcase name="testPartialTransactionStrategyReturnsNullWhenNoTransaction" class="OfxParserTest\DefensiveParsing\RecoveryStrategiesTest" classname="OfxParserTest.DefensiveParsing.RecoveryStrategiesTest" file="C:\Users\prote\Documents\software-devel\ksf_ofxparser\tests\DefensiveParsing\RecoveryStrategiesTest.php" line="113" assertions="2" time="0.005771"/>
        <testcase name="testStrategyDoesNotHandleWrongExceptionType" class="OfxParserTest\DefensiveParsing\RecoveryStrategiesTest" classname="OfxParserTest.DefensiveParsing.RecoveryStrategiesTest" file="C:\Users\prote\Documents\software-devel\ksf_ofxparser\tests\DefensiveParsing\RecoveryStrategiesTest.php" line="123" assertions="1" time="0.000927"/>
      </testsuite>
      <testsuite name="Tests\EdgeCases\BoundaryConditionTest" file="C:\Users\prote\Documents\software-devel\ksf_ofxparser\tests\EdgeCases\BoundaryConditionTest.php" tests="20" assertions="0" errors="0" warnings="0" failures="0" skipped="20" time="0.029339">
        <testcase name="testLargeFileHandling" class="Tests\EdgeCases\BoundaryConditionTest" classname="Tests.EdgeCases.BoundaryConditionTest" file="C:\Users\prote\Documents\software-devel\ksf_ofxparser\tests\EdgeCases\BoundaryConditionTest.php" line="24" assertions="0" time="0.001507">
          <skipped/>
        </testcase>
        <testcase name="testManyTransactions" class="Tests\EdgeCases\BoundaryConditionTest" classname="Tests.EdgeCases.BoundaryConditionTest" file="C:\Users\prote\Documents\software-devel\ksf_ofxparser\tests\EdgeCases\BoundaryConditionTest.php" line="30" assertions="0" time="0.000803">
          <skipped/>
        </testcase>
        <testcase name="testManyAccounts" class="Tests\EdgeCases\BoundaryConditionTest" classname="Tests.EdgeCases.BoundaryConditionTest" file="C:\Users\prote\Documents\software-devel\ksf_ofxparser\tests\EdgeCases\BoundaryConditionTest.php" line="36" assertions="0" time="0.000904">
          <skipped/>
        </testcase>
        <testcase name="testMaximumFieldStringLength" class="Tests\EdgeCases\BoundaryConditionTest" classname="Tests.EdgeCases.BoundaryConditionTest" file="C:\Users\prote\Documents\software-devel\ksf_ofxparser\tests\EdgeCases\BoundaryConditionTest.php" line="42" assertions="0" time="0.000914">
          <skipped/>
        </testcase>
        <testcase name="testLargeAmountValue" class="Tests\EdgeCases\BoundaryConditionTest" classname="Tests.EdgeCases.BoundaryConditionTest" file="C:\Users\prote\Documents\software-devel\ksf_ofxparser\tests\EdgeCases\BoundaryConditionTest.php" line="54" assertions="0" time="0.001100">
          <skipped/>
        </testcase>
        <testcase name="testSmallFractionalAmount" class="Tests\EdgeCases\BoundaryConditionTest" classname="Tests.EdgeCases.BoundaryConditionTest" file="C:\Users\prote\Documents\software-devel\ksf_ofxparser\tests\EdgeCases\BoundaryConditionTest.php" line="66" assertions="0" time="0.001046">
          <skipped/>
        </testcase>
        <testcase name="testNegativeAmount" class="Tests\EdgeCases\BoundaryConditionTest" classname="Tests.EdgeCases.BoundaryConditionTest" file="C:\Users\prote\Documents\software-devel\ksf_ofxparser\tests\EdgeCases\BoundaryConditionTest.php" line="76" assertions="0" time="0.000895">
          <skipped/>
        </testcase>
        <testcase name="testZeroAmount" class="Tests\EdgeCases\BoundaryConditionTest" classname="Tests.EdgeCases.BoundaryConditionTest" file="C:\Users\prote\Documents\software-devel\ksf_ofxparser\tests\EdgeCases\BoundaryConditionTest.php" line="86" assertions="0" time="0.000912">
          <skipped/>
        </testcase>
        <testcase name="testVeryOldDate" class="Tests\EdgeCases\BoundaryConditionTest" classname="Tests.EdgeCases.BoundaryConditionTest" file="C:\Users\prote\Documents\software-devel\ksf_ofxparser\tests\EdgeCases\BoundaryConditionTest.php" line="96" assertions="0" time="0.000931">
          <skipped/>
        </testcase>
        <testcase name="testFutureDate" class="Tests\EdgeCases\BoundaryConditionTest" classname="Tests.EdgeCases.BoundaryConditionTest" file="C:\Users\prote\Documents\software-devel\ksf_ofxparser\tests\EdgeCases\BoundaryConditionTest.php" line="106" assertions="0" time="0.001006">
          <skipped/>
        </testcase>
        <testcase name="testMillisecondPrecisionDate" class="Tests\EdgeCases\BoundaryConditionTest" classname="Tests.EdgeCases.BoundaryConditionTest" file="C:\Users\prote\Documents\software-devel\ksf_ofxparser\tests\EdgeCases\BoundaryConditionTest.php" line="116" assertions="0" time="0.000871">
          <skipped/>
        </testcase>
        <testcase name="testTimezoneDateFormat" class="Tests\EdgeCases\BoundaryConditionTest" classname="Tests.EdgeCases.BoundaryConditionTest" file="C:\Users\prote\Documents\software-devel\ksf_ofxparser\tests\EdgeCases\BoundaryConditionTest.php" line="126" assertions="0" time="0.000778">
          <skipped/>
        </testcase>
        <testcase name="testMinimalTransactionID" class="Tests\EdgeCases\BoundaryConditionTest" classname="Tests.EdgeCases.BoundaryConditionTest" file="C:\Users\prote\Documents\software-devel\ksf_ofxparser\tests\EdgeCases\BoundaryConditionTest.php" line="141" assertions="0" time="0.001561">
          <skipped/>
        </testcase>
        <testcase name="testVeryLongTransactionID" class="Tests\EdgeCases\BoundaryConditionTest" classname="Tests.EdgeCases.BoundaryConditionTest" file="C:\Users\prote\Documents\software-devel\ksf_ofxparser\tests\EdgeCases\BoundaryConditionTest.php" line="151" assertions="0" time="0.000839">
          <skipped/>
        </testcase>
        <testcase name="testAccountIDSpecialCharacters" class="Tests\EdgeCases\BoundaryConditionTest" classname="Tests.EdgeCases.BoundaryConditionTest" file="C:\Users\prote\Documents\software-devel\ksf_ofxparser\tests\EdgeCases\BoundaryConditionTest.php" line="163" assertions="0" time="0.006034">
          <skipped/>
        </testcase>
        <testcase name="testEmptyStatementInAccount" class="Tests\EdgeCases\BoundaryConditionTest" classname="Tests.EdgeCases.BoundaryConditionTest" file="C:\Users\prote\Documents\software-devel\ksf_ofxparser\tests\EdgeCases\BoundaryConditionTest.php" line="173" assertions="0" time="0.000953">
          <skipped/>
        </testcase>
        <testcase name="testAccountWithNullBalance" class="Tests\EdgeCases\BoundaryConditionTest" classname="Tests.EdgeCases.BoundaryConditionTest" file="C:\Users\prote\Documents\software-devel\ksf_ofxparser\tests\EdgeCases\BoundaryConditionTest.php" line="183" assertions="0" time="0.000906">
          <skipped/>
        </testcase>
        <testcase name="testMaximumNestingDepth" class="Tests\EdgeCases\BoundaryConditionTest" classname="Tests.EdgeCases.BoundaryConditionTest" file="C:\Users\prote\Documents\software-devel\ksf_ofxparser\tests\EdgeCases\BoundaryConditionTest.php" line="193" assertions="0" time="0.000897">
          <skipped/>
        </testcase>
        <testcase name="testSingleTransaction" class="Tests\EdgeCases\BoundaryConditionTest" classname="Tests.EdgeCases.BoundaryConditionTest" file="C:\Users\prote\Documents\software-devel\ksf_ofxparser\tests\EdgeCases\BoundaryConditionTest.php" line="212" assertions="0" time="0.000734">
          <skipped/>
        </testcase>
        <testcase name="testStatementPeriodBoundary" class="Tests\EdgeCases\BoundaryConditionTest" classname="Tests.EdgeCases.BoundaryConditionTest" file="C:\Users\prote\Documents\software-devel\ksf_ofxparser\tests\EdgeCases\BoundaryConditionTest.php" line="222" assertions="0" time="0.005747">
          <skipped/>
        </testcase>
      </testsuite>
      <testsuite name="Tests\EdgeCases\DataFormatVariationTest" file="C:\Users\prote\Documents\software-devel\ksf_ofxparser\tests\EdgeCases\DataFormatVariationTest.php" tests="20" assertions="0" errors="0" warnings="0" failures="0" skipped="20" time="0.034762">
        <testcase name="testDateFormatYYYYMMDD" class="Tests\EdgeCases\DataFormatVariationTest" classname="Tests.EdgeCases.DataFormatVariationTest" file="C:\Users\prote\Documents\software-devel\ksf_ofxparser\tests\EdgeCases\DataFormatVariationTest.php" line="24" assertions="0" time="0.000790">
          <skipped/>
        </testcase>
        <testcase name="testDateFormatWithTime" class="Tests\EdgeCases\DataFormatVariationTest" classname="Tests.EdgeCases.DataFormatVariationTest" file="C:\Users\prote\Documents\software-devel\ksf_ofxparser\tests\EdgeCases\DataFormatVariationTest.php" line="36" assertions="0" time="0.001114">
          <skipped/>
        </testcase>
        <testcase name="testDateFormatFullTimestamp" class="Tests\EdgeCases\DataFormatVariationTest" classname="Tests.EdgeCases.DataFormatVariationTest" file="C:\Users\prote\Documents\software-devel\ksf_ofxparser\tests\EdgeCases\DataFormatVariationTest.php" line="45" assertions="0" time="0.000907">
          <skipped/>
        </testcase>
        <testcase name="testAmountWithLeadingZeros" class="Tests\EdgeCases\DataFormatVariationTest" classname="Tests.EdgeCases.DataFormatVariationTest" file="C:\Users\prote\Documents\software-devel\ksf_ofxparser\tests\EdgeCases\DataFormatVariationTest.php" line="65" assertions="0" time="0.000736">
          <skipped/>
        </testcase>
        <testcase name="testAmountWithCommaThousands" class="Tests\EdgeCases\DataFormatVariationTest" classname="Tests.EdgeCases.DataFormatVariationTest" file="C:\Users\prote\Documents\software-devel\ksf_ofxparser\tests\EdgeCases\DataFormatVariationTest.php" line="85" assertions="0" time="0.000919">
          <skipped/>
        </testcase>
        <testcase name="testAmountWithPeriodThousands" class="Tests\EdgeCases\DataFormatVariationTest" classname="Tests.EdgeCases.DataFormatVariationTest" file="C:\Users\prote\Documents\software-devel\ksf_ofxparser\tests\EdgeCases\DataFormatVariationTest.php" line="105" assertions="0" time="0.000731">
          <skipped/>
        </testcase>
        <testcase name="testMultipleCurrencyCodes" class="Tests\EdgeCases\DataFormatVariationTest" classname="Tests.EdgeCases.DataFormatVariationTest" file="C:\Users\prote\Documents\software-devel\ksf_ofxparser\tests\EdgeCases\DataFormatVariationTest.php" line="125" assertions="0" time="0.006624">
          <skipped/>
        </testcase>
        <testcase name="testEmptyOptionalFields" class="Tests\EdgeCases\DataFormatVariationTest" classname="Tests.EdgeCases.DataFormatVariationTest" file="C:\Users\prote\Documents\software-devel\ksf_ofxparser\tests\EdgeCases\DataFormatVariationTest.php" line="150" assertions="0" time="0.000805">
          <skipped/>
        </testcase>
        <testcase name="testNullVsEmptyFields" class="Tests\EdgeCases\DataFormatVariationTest" classname="Tests.EdgeCases.DataFormatVariationTest" file="C:\Users\prote\Documents\software-devel\ksf_ofxparser\tests\EdgeCases\DataFormatVariationTest.php" line="173" assertions="0" time="0.000735">
          <skipped/>
        </testcase>
        <testcase name="testMixedCaseOFXTags" class="Tests\EdgeCases\DataFormatVariationTest" classname="Tests.EdgeCases.DataFormatVariationTest" file="C:\Users\prote\Documents\software-devel\ksf_ofxparser\tests\EdgeCases\DataFormatVariationTest.php" line="195" assertions="0" time="0.000867">
          <skipped/>
        </testcase>
        <testcase name="testWhitespaceVariations" class="Tests\EdgeCases\DataFormatVariationTest" classname="Tests.EdgeCases.DataFormatVariationTest" file="C:\Users\prote\Documents\software-devel\ksf_ofxparser\tests\EdgeCases\DataFormatVariationTest.php" line="220" assertions="0" time="0.000830">
          <skipped/>
        </testcase>
        <testcase name="testTabsAndMixedWhitespace" class="Tests\EdgeCases\DataFormatVariationTest" classname="Tests.EdgeCases.DataFormatVariationTest" file="C:\Users\prote\Documents\software-devel\ksf_ofxparser\tests\EdgeCases\DataFormatVariationTest.php" line="243" assertions="0" time="0.008274">
          <skipped/>
        </testcase>
        <testcase name="testCRLFLineEndings" class="Tests\EdgeCases\DataFormatVariationTest" classname="Tests.EdgeCases.DataFormatVariationTest" file="C:\Users\prote\Documents\software-devel\ksf_ofxparser\tests\EdgeCases\DataFormatVariationTest.php" line="263" assertions="0" time="0.000790">
          <skipped/>
        </testcase>
        <testcase name="testBooleanLikeValues" class="Tests\EdgeCases\DataFormatVariationTest" classname="Tests.EdgeCases.DataFormatVariationTest" file="C:\Users\prote\Documents\software-devel\ksf_ofxparser\tests\EdgeCases\DataFormatVariationTest.php" line="272" assertions="0" time="0.005375">
          <skipped/>
        </testcase>
        <testcase name="testNumericStringHandling" class="Tests\EdgeCases\DataFormatVariationTest" classname="Tests.EdgeCases.DataFormatVariationTest" file="C:\Users\prote\Documents\software-devel\ksf_ofxparser\tests\EdgeCases\DataFormatVariationTest.php" line="290" assertions="0" time="0.000876">
          <skipped/>
        </testcase>
        <testcase name="testSignIndicators" class="Tests\EdgeCases\DataFormatVariationTest" classname="Tests.EdgeCases.DataFormatVariationTest" file="C:\Users\prote\Documents\software-devel\ksf_ofxparser\tests\EdgeCases\DataFormatVariationTest.php" line="312" assertions="0" time="0.000735">
          <skipped/>
        </testcase>
        <testcase name="testScientificNotationAmounts" class="Tests\EdgeCases\DataFormatVariationTest" classname="Tests.EdgeCases.DataFormatVariationTest" file="C:\Users\prote\Documents\software-devel\ksf_ofxparser\tests\EdgeCases\DataFormatVariationTest.php" line="335" assertions="0" time="0.000849">
          <skipped/>
        </testcase>
        <testcase name="testMultipleDecimalSeparators" class="Tests\EdgeCases\DataFormatVariationTest" classname="Tests.EdgeCases.DataFormatVariationTest" file="C:\Users\prote\Documents\software-devel\ksf_ofxparser\tests\EdgeCases\DataFormatVariationTest.php" line="360" assertions="0" time="0.000915">
          <skipped/>
        </testcase>
        <testcase name="testTransactionTypeCodes" class="Tests\EdgeCases\DataFormatVariationTest" classname="Tests.EdgeCases.DataFormatVariationTest" file="C:\Users\prote\Documents\software-devel\ksf_ofxparser\tests\EdgeCases\DataFormatVariationTest.php" line="386" assertions="0" time="0.000994">
          <skipped/>
        </testcase>
        <testcase name="testAccountTypeVariations" class="Tests\EdgeCases\DataFormatVariationTest" classname="Tests.EdgeCases.DataFormatVariationTest" file="C:\Users\prote\Documents\software-devel\ksf_ofxparser\tests\EdgeCases\DataFormatVariationTest.php" line="410" assertions="0" time="0.000897">
          <skipped/>
        </testcase>
      </testsuite>
      <testsuite name="Tests\EdgeCases\ErrorHandlingTest" file="C:\Users\prote\Documents\software-devel\ksf_ofxparser\tests\EdgeCases\ErrorHandlingTest.php" tests="15" assertions="15" errors="0" warnings="0" failures="0" skipped="0" time="0.035865">
        <testcase name="testFileWithNoAccounts" class="Tests\EdgeCases\ErrorHandlingTest" classname="Tests.EdgeCases.ErrorHandlingTest" file="C:\Users\prote\Documents\software-devel\ksf_ofxparser\tests\EdgeCases\ErrorHandlingTest.php" line="18" assertions="1" time="0.008345"/>
        <testcase name="testNoTransactionsInAccount" class="Tests\EdgeCases\ErrorHandlingTest" classname="Tests.EdgeCases.ErrorHandlingTest" file="C:\Users\prote\Documents\software-devel\ksf_ofxparser\tests\EdgeCases\ErrorHandlingTest.php" line="35" assertions="1" time="0.001271"/>
        <testcase name="testCorruptTransactionSkipped" class="Tests\EdgeCases\ErrorHandlingTest" classname="Tests.EdgeCases.ErrorHandlingTest" file="C:\Users\prote\Documents\software-devel\ksf_ofxparser\tests\EdgeCases\ErrorHandlingTest.php" line="62" assertions="1" time="0.001714"/>
        <testcase name="testMissingRequiredFieldRecovery" class="Tests\EdgeCases\ErrorHandlingTest" classname="Tests.EdgeCases.ErrorHandlingTest" file="C:\Users\prote\Documents\software-devel\ksf_ofxparser\tests\EdgeCases\ErrorHandlingTest.php" line="87" assertions="1" time="0.001325"/>
        <testcase name="testEmptyOFXFile" class="Tests\EdgeCases\ErrorHandlingTest" classname="Tests.EdgeCases.ErrorHandlingTest" file="C:\Users\prote\Documents\software-devel\ksf_ofxparser\tests\EdgeCases\ErrorHandlingTest.php" line="115" assertions="1" time="0.001152"/>
        <testcase name="testNullValuesInFields" class="Tests\EdgeCases\ErrorHandlingTest" classname="Tests.EdgeCases.ErrorHandlingTest" file="C:\Users\prote\Documents\software-devel\ksf_ofxparser\tests\EdgeCases\ErrorHandlingTest.php" line="130" assertions="1" time="0.005898"/>
        <testcase name="testInvalidFieldTypesDetected" class="Tests\EdgeCases\ErrorHandlingTest" classname="Tests.EdgeCases.ErrorHandlingTest" file="C:\Users\prote\Documents\software-devel\ksf_ofxparser\tests\EdgeCases\ErrorHandlingTest.php" line="157" assertions="1" time="0.002532"/>
        <testcase name="testDuplicateTransactionIDsAllowed" class="Tests\EdgeCases\ErrorHandlingTest" classname="Tests.EdgeCases.ErrorHandlingTest" file="C:\Users\prote\Documents\software-devel\ksf_ofxparser\tests\EdgeCases\ErrorHandlingTest.php" line="183" assertions="1" time="0.001272"/>
        <testcase name="testUnclosedTags" class="Tests\EdgeCases\ErrorHandlingTest" classname="Tests.EdgeCases.ErrorHandlingTest" file="C:\Users\prote\Documents\software-devel\ksf_ofxparser\tests\EdgeCases\ErrorHandlingTest.php" line="217" assertions="1" time="0.005086"/>
        <testcase name="testSGMLMalformedHeader" class="Tests\EdgeCases\ErrorHandlingTest" classname="Tests.EdgeCases.ErrorHandlingTest" file="C:\Users\prote\Documents\software-devel\ksf_ofxparser\tests\EdgeCases\ErrorHandlingTest.php" line="239" assertions="1" time="0.001248"/>
        <testcase name="testOFXHeaderOnlyFile" class="Tests\EdgeCases\ErrorHandlingTest" classname="Tests.EdgeCases.ErrorHandlingTest" file="C:\Users\prote\Documents\software-devel\ksf_ofxparser\tests\EdgeCases\ErrorHandlingTest.php" line="256" assertions="1" time="0.001075"/>
        <testcase name="testDeeplyNestedElements" class="Tests\EdgeCases\ErrorHandlingTest" classname="Tests.EdgeCases.ErrorHandlingTest" file="C:\Users\prote\Documents\software-devel\ksf_ofxparser\tests\EdgeCases\ErrorHandlingTest.php" line="271" assertions="1" time="0.000959"/>
        <testcase name="testSpecialXMLCharacters" class="Tests\EdgeCases\ErrorHandlingTest" classname="Tests.EdgeCases.ErrorHandlingTest" file="C:\Users\prote\Documents\software-devel\ksf_ofxparser\tests\EdgeCases\ErrorHandlingTest.php" line="307" assertions="1" time="0.001640"/>
        <testcase name="testByteOrderMarkHandling" class="Tests\EdgeCases\ErrorHandlingTest" classname="Tests.EdgeCases.ErrorHandlingTest" file="C:\Users\prote\Documents\software-devel\ksf_ofxparser\tests\EdgeCases\ErrorHandlingTest.php" line="332" assertions="1" time="0.001025"/>
        <testcase name="testMixedEncodingContent" class="Tests\EdgeCases\ErrorHandlingTest" classname="Tests.EdgeCases.ErrorHandlingTest" file="C:\Users\prote\Documents\software-devel\ksf_ofxparser\tests\EdgeCases\ErrorHandlingTest.php" line="349" assertions="1" time="0.001323"/>
      </testsuite>
      <testsuite name="Tests\Integration\ComponentIntegrationTest" file="C:\Users\prote\Documents\software-devel\ksf_ofxparser\tests\Integration\ComponentIntegrationTest.php" tests="20" assertions="24" errors="0" warnings="0" failures="0" skipped="0" time="1.954924">
        <testcase name="testParserLoaderBuilderFlow" class="Tests\Integration\ComponentIntegrationTest" classname="Tests.Integration.ComponentIntegrationTest" file="C:\Users\prote\Documents\software-devel\ksf_ofxparser\tests\Integration\ComponentIntegrationTest.php" line="56" assertions="1" time="0.084551"/>
        <testcase name="testTokenizerParserFactoryFlow" class="Tests\Integration\ComponentIntegrationTest" classname="Tests.Integration.ComponentIntegrationTest" file="C:\Users\prote\Documents\software-devel\ksf_ofxparser\tests\Integration\ComponentIntegrationTest.php" line="65" assertions="1" time="0.070851"/>
        <testcase name="testRecoveryConfigStrategyMetricsIntegration" class="Tests\Integration\ComponentIntegrationTest" classname="Tests.Integration.ComponentIntegrationTest" file="C:\Users\prote\Documents\software-devel\ksf_ofxparser\tests\Integration\ComponentIntegrationTest.php" line="73" assertions="1" time="0.001189"/>
        <testcase name="testLoaderSelectionByFormat" class="Tests\Integration\ComponentIntegrationTest" classname="Tests.Integration.ComponentIntegrationTest" file="C:\Users\prote\Documents\software-devel\ksf_ofxparser\tests\Integration\ComponentIntegrationTest.php" line="90" assertions="2" time="0.142378"/>
        <testcase name="testFormatDetectionAccuracy" class="Tests\Integration\ComponentIntegrationTest" classname="Tests.Integration.ComponentIntegrationTest" file="C:\Users\prote\Documents\software-devel\ksf_ofxparser\tests\Integration\ComponentIntegrationTest.php" line="102" assertions="2" time="0.144760"/>
        <testcase name="testEntityBuilderWithDefensiveContext" class="Tests\Integration\ComponentIntegrationTest" classname="Tests.Integration.ComponentIntegrationTest" file="C:\Users\prote\Documents\software-devel\ksf_ofxparser\tests\Integration\ComponentIntegrationTest.php" line="114" assertions="1" time="0.001227"/>
        <testcase name="testMetricsCollectionIntegration" class="Tests\Integration\ComponentIntegrationTest" classname="Tests.Integration.ComponentIntegrationTest" file="C:\Users\prote\Documents\software-devel\ksf_ofxparser\tests\Integration\ComponentIntegrationTest.php" line="124" assertions="1" time="0.070428"/>
        <testcase name="testParserHandlesBothFormatsInSeries" class="Tests\Integration\ComponentIntegrationTest" classname="Tests.Integration.ComponentIntegrationTest" file="C:\Users\prote\Documents\software-devel\ksf_ofxparser\tests\Integration\ComponentIntegrationTest.php" line="138" assertions="2" time="0.298723"/>
        <testcase name="testParserStateIndependent" class="Tests\Integration\ComponentIntegrationTest" classname="Tests.Integration.ComponentIntegrationTest" file="C:\Users\prote\Documents\software-devel\ksf_ofxparser\tests\Integration\ComponentIntegrationTest.php" line="148" assertions="1" time="0.091743"/>
        <testcase name="testMultiStepParsingWithRecovery" class="Tests\Integration\ComponentIntegrationTest" classname="Tests.Integration.ComponentIntegrationTest" file="C:\Users\prote\Documents\software-devel\ksf_ofxparser\tests\Integration\ComponentIntegrationTest.php" line="163" assertions="1" time="0.131407"/>
        <testcase name="testAccountPopulationFlow" class="Tests\Integration\ComponentIntegrationTest" classname="Tests.Integration.ComponentIntegrationTest" file="C:\Users\prote\Documents\software-devel\ksf_ofxparser\tests\Integration\ComponentIntegrationTest.php" line="173" assertions="1" time="0.083838"/>
        <testcase name="testTransactionListBuilding" class="Tests\Integration\ComponentIntegrationTest" classname="Tests.Integration.ComponentIntegrationTest" file="C:\Users\prote\Documents\software-devel\ksf_ofxparser\tests\Integration\ComponentIntegrationTest.php" line="184" assertions="1" time="0.077268"/>
        <testcase name="testRecoveryStrategyApplicationInConstruction" class="Tests\Integration\ComponentIntegrationTest" classname="Tests.Integration.ComponentIntegrationTest" file="C:\Users\prote\Documents\software-devel\ksf_ofxparser\tests\Integration\ComponentIntegrationTest.php" line="196" assertions="1" time="0.079328"/>
        <testcase name="testCrossComponentDataConsistency" class="Tests\Integration\ComponentIntegrationTest" classname="Tests.Integration.ComponentIntegrationTest" file="C:\Users\prote\Documents\software-devel\ksf_ofxparser\tests\Integration\ComponentIntegrationTest.php" line="216" assertions="1" time="0.077498"/>
        <testcase name="testComponentSequenceCorrectness" class="Tests\Integration\ComponentIntegrationTest" classname="Tests.Integration.ComponentIntegrationTest" file="C:\Users\prote\Documents\software-devel\ksf_ofxparser\tests\Integration\ComponentIntegrationTest.php" line="231" assertions="1" time="0.080229"/>
        <testcase name="testLoaderReturnValueUsage" class="Tests\Integration\ComponentIntegrationTest" classname="Tests.Integration.ComponentIntegrationTest" file="C:\Users\prote\Documents\software-devel\ksf_ofxparser\tests\Integration\ComponentIntegrationTest.php" line="241" assertions="2" time="0.068738"/>
        <testcase name="testMetricsAvailabilityPostParsing" class="Tests\Integration\ComponentIntegrationTest" classname="Tests.Integration.ComponentIntegrationTest" file="C:\Users\prote\Documents\software-devel\ksf_ofxparser\tests\Integration\ComponentIntegrationTest.php" line="252" assertions="1" time="0.131604"/>
        <testcase name="testParsingResultRecoveryInfo" class="Tests\Integration\ComponentIntegrationTest" classname="Tests.Integration.ComponentIntegrationTest" file="C:\Users\prote\Documents\software-devel\ksf_ofxparser\tests\Integration\ComponentIntegrationTest.php" line="266" assertions="1" time="0.148109"/>
        <testcase name="testElementFactoryEntityTypeCreation" class="Tests\Integration\ComponentIntegrationTest" classname="Tests.Integration.ComponentIntegrationTest" file="C:\Users\prote\Documents\software-devel\ksf_ofxparser\tests\Integration\ComponentIntegrationTest.php" line="281" assertions="1" time="0.102984"/>
        <testcase name="testComponentLifecycleWithMalformedInput" class="Tests\Integration\ComponentIntegrationTest" classname="Tests.Integration.ComponentIntegrationTest" file="C:\Users\prote\Documents\software-devel\ksf_ofxparser\tests\Integration\ComponentIntegrationTest.php" line="294" assertions="1" time="0.068071"/>
      </testsuite>
      <testsuite name="Tests\Integration\DataIntegrityTest" file="C:\Users\prote\Documents\software-devel\ksf_ofxparser\tests\Integration\DataIntegrityTest.php" tests="20" assertions="0" errors="0" warnings="0" failures="0" skipped="20" time="0.032717">
        <testcase name="testTransactionCountMatches" class="Tests\Integration\DataIntegrityTest" classname="Tests.Integration.DataIntegrityTest" file="C:\Users\prote\Documents\software-devel\ksf_ofxparser\tests\Integration\DataIntegrityTest.php" line="18" assertions="0" time="0.000974">
          <skipped/>
        </testcase>
        <testcase name="testAmountPreservation" class="Tests\Integration\DataIntegrityTest" classname="Tests.Integration.DataIntegrityTest" file="C:\Users\prote\Documents\software-devel\ksf_ofxparser\tests\Integration\DataIntegrityTest.php" line="30" assertions="0" time="0.001105">
          <skipped/>
        </testcase>
        <testcase name="testDatePreservation" class="Tests\Integration\DataIntegrityTest" classname="Tests.Integration.DataIntegrityTest" file="C:\Users\prote\Documents\software-devel\ksf_ofxparser\tests\Integration\DataIntegrityTest.php" line="47" assertions="0" time="0.003579">
          <skipped/>
        </testcase>
        <testcase name="testMultiAccountSeparation" class="Tests\Integration\DataIntegrityTest" classname="Tests.Integration.DataIntegrityTest" file="C:\Users\prote\Documents\software-devel\ksf_ofxparser\tests\Integration\DataIntegrityTest.php" line="67" assertions="0" time="0.001193">
          <skipped/>
        </testcase>
        <testcase name="testTransactionOrdering" class="Tests\Integration\DataIntegrityTest" classname="Tests.Integration.DataIntegrityTest" file="C:\Users\prote\Documents\software-devel\ksf_ofxparser\tests\Integration\DataIntegrityTest.php" line="89" assertions="0" time="0.001047">
          <skipped/>
        </testcase>
        <testcase name="testAccountBalanceAccuracy" class="Tests\Integration\DataIntegrityTest" classname="Tests.Integration.DataIntegrityTest" file="C:\Users\prote\Documents\software-devel\ksf_ofxparser\tests\Integration\DataIntegrityTest.php" line="110" assertions="0" time="0.001449">
          <skipped/>
        </testcase>
        <testcase name="testCreditCardAmountsSigned" class="Tests\Integration\DataIntegrityTest" classname="Tests.Integration.DataIntegrityTest" file="C:\Users\prote\Documents\software-devel\ksf_ofxparser\tests\Integration\DataIntegrityTest.php" line="124" assertions="0" time="0.001044">
          <skipped/>
        </testcase>
        <testcase name="testInvestmentQuantitiesPreserved" class="Tests\Integration\DataIntegrityTest" classname="Tests.Integration.DataIntegrityTest" file="C:\Users\prote\Documents\software-devel\ksf_ofxparser\tests\Integration\DataIntegrityTest.php" line="142" assertions="0" time="0.003825">
          <skipped/>
        </testcase>
        <testcase name="testMemoPreservation" class="Tests\Integration\DataIntegrityTest" classname="Tests.Integration.DataIntegrityTest" file="C:\Users\prote\Documents\software-devel\ksf_ofxparser\tests\Integration\DataIntegrityTest.php" line="157" assertions="0" time="0.001399">
          <skipped/>
        </testcase>
        <testcase name="testPayeePreservation" class="Tests\Integration\DataIntegrityTest" classname="Tests.Integration.DataIntegrityTest" file="C:\Users\prote\Documents\software-devel\ksf_ofxparser\tests\Integration\DataIntegrityTest.php" line="173" assertions="0" time="0.001019">
          <skipped/>
        </testcase>
        <testcase name="testCheckNumberPreservation" class="Tests\Integration\DataIntegrityTest" classname="Tests.Integration.DataIntegrityTest" file="C:\Users\prote\Documents\software-devel\ksf_ofxparser\tests\Integration\DataIntegrityTest.php" line="189" assertions="0" time="0.001620">
          <skipped/>
        </testcase>
        <testcase name="testSecurityLinking" class="Tests\Integration\DataIntegrityTest" classname="Tests.Integration.DataIntegrityTest" file="C:\Users\prote\Documents\software-devel\ksf_ofxparser\tests\Integration\DataIntegrityTest.php" line="202" assertions="0" time="0.001077">
          <skipped/>
        </testcase>
        <testcase name="testBalanceReconciliation" class="Tests\Integration\DataIntegrityTest" classname="Tests.Integration.DataIntegrityTest" file="C:\Users\prote\Documents\software-devel\ksf_ofxparser\tests\Integration\DataIntegrityTest.php" line="220" assertions="0" time="0.000989">
          <skipped/>
        </testcase>
        <testcase name="testCurrencyCodePreservation" class="Tests\Integration\DataIntegrityTest" classname="Tests.Integration.DataIntegrityTest" file="C:\Users\prote\Documents\software-devel\ksf_ofxparser\tests\Integration\DataIntegrityTest.php" line="237" assertions="0" time="0.001039">
          <skipped/>
        </testcase>
        <testcase name="testRequiredFieldsPresent" class="Tests\Integration\DataIntegrityTest" classname="Tests.Integration.DataIntegrityTest" file="C:\Users\prote\Documents\software-devel\ksf_ofxparser\tests\Integration\DataIntegrityTest.php" line="254" assertions="0" time="0.000993">
          <skipped/>
        </testcase>
        <testcase name="testSpecialCharacterHandling" class="Tests\Integration\DataIntegrityTest" classname="Tests.Integration.DataIntegrityTest" file="C:\Users\prote\Documents\software-devel\ksf_ofxparser\tests\Integration\DataIntegrityTest.php" line="273" assertions="0" time="0.002575">
          <skipped/>
        </testcase>
        <testcase name="testNumericPrecision" class="Tests\Integration\DataIntegrityTest" classname="Tests.Integration.DataIntegrityTest" file="C:\Users\prote\Documents\software-devel\ksf_ofxparser\tests\Integration\DataIntegrityTest.php" line="289" assertions="0" time="0.000934">
          <skipped/>
        </testcase>
        <testcase name="testNoDuplicateTransactions" class="Tests\Integration\DataIntegrityTest" classname="Tests.Integration.DataIntegrityTest" file="C:\Users\prote\Documents\software-devel\ksf_ofxparser\tests\Integration\DataIntegrityTest.php" line="309" assertions="0" time="0.001015">
          <skipped/>
        </testcase>
        <testcase name="testAccountTypeClassification" class="Tests\Integration\DataIntegrityTest" classname="Tests.Integration.DataIntegrityTest" file="C:\Users\prote\Documents\software-devel\ksf_ofxparser\tests\Integration\DataIntegrityTest.php" line="323" assertions="0" time="0.001073">
          <skipped/>
        </testcase>
        <testcase name="testStatementPeriodValidity" class="Tests\Integration\DataIntegrityTest" classname="Tests.Integration.DataIntegrityTest" file="C:\Users\prote\Documents\software-devel\ksf_ofxparser\tests\Integration\DataIntegrityTest.php" line="340" assertions="0" time="0.004770">
          <skipped/>
        </testcase>
      </testsuite>
      <testsuite name="Tests\Integration\ScenarioBasedParsingTest" file="C:\Users\prote\Documents\software-devel\ksf_ofxparser\tests\Integration\ScenarioBasedParsingTest.php" tests="14" assertions="174" errors="0" warnings="0" failures="0" skipped="0" time="0.367861">
        <testcase name="testParseLargeStatement" class="Tests\Integration\ScenarioBasedParsingTest" classname="Tests.Integration.ScenarioBasedParsingTest" file="C:\Users\prote\Documents\software-devel\ksf_ofxparser\tests\Integration\ScenarioBasedParsingTest.php" line="43" assertions="2" time="0.039928"/>
        <testcase name="testParseExtraLargeStatement" class="Tests\Integration\ScenarioBasedParsingTest" classname="Tests.Integration.ScenarioBasedParsingTest" file="C:\Users\prote\Documents\software-devel\ksf_ofxparser\tests\Integration\ScenarioBasedParsingTest.php" line="56" assertions="2" time="0.250637"/>
        <testcase name="testTransactionOrderPreservedInLargeStatement" class="Tests\Integration\ScenarioBasedParsingTest" classname="Tests.Integration.ScenarioBasedParsingTest" file="C:\Users\prote\Documents\software-devel\ksf_ofxparser\tests\Integration\ScenarioBasedParsingTest.php" line="68" assertions="98" time="0.020789"/>
        <testcase name="testPositiveAmountExtremes" class="Tests\Integration\ScenarioBasedParsingTest" classname="Tests.Integration.ScenarioBasedParsingTest" file="C:\Users\prote\Documents\software-devel\ksf_ofxparser\tests\Integration\ScenarioBasedParsingTest.php" line="90" assertions="5" time="0.003362"/>
        <testcase name="testNegativeAmountExtremes" class="Tests\Integration\ScenarioBasedParsingTest" classname="Tests.Integration.ScenarioBasedParsingTest" file="C:\Users\prote\Documents\software-devel\ksf_ofxparser\tests\Integration\ScenarioBasedParsingTest.php" line="110" assertions="5" time="0.010612"/>
        <testcase name="testZeroAndNearZeroAmounts" class="Tests\Integration\ScenarioBasedParsingTest" classname="Tests.Integration.ScenarioBasedParsingTest" file="C:\Users\prote\Documents\software-devel\ksf_ofxparser\tests\Integration\ScenarioBasedParsingTest.php" line="130" assertions="3" time="0.004461"/>
        <testcase name="testDateBoundaries" class="Tests\Integration\ScenarioBasedParsingTest" classname="Tests.Integration.ScenarioBasedParsingTest" file="C:\Users\prote\Documents\software-devel\ksf_ofxparser\tests\Integration\ScenarioBasedParsingTest.php" line="158" assertions="4" time="0.003885"/>
        <testcase name="testDateTimezoneHandling" class="Tests\Integration\ScenarioBasedParsingTest" classname="Tests.Integration.ScenarioBasedParsingTest" file="C:\Users\prote\Documents\software-devel\ksf_ofxparser\tests\Integration\ScenarioBasedParsingTest.php" line="184" assertions="2" time="0.002304"/>
        <testcase name="testMaximumFieldLengths" class="Tests\Integration\ScenarioBasedParsingTest" classname="Tests.Integration.ScenarioBasedParsingTest" file="C:\Users\prote\Documents\software-devel\ksf_ofxparser\tests\Integration\ScenarioBasedParsingTest.php" line="215" assertions="2" time="0.003344"/>
        <testcase name="testAllTransactionTypes" class="Tests\Integration\ScenarioBasedParsingTest" classname="Tests.Integration.ScenarioBasedParsingTest" file="C:\Users\prote\Documents\software-devel\ksf_ofxparser\tests\Integration\ScenarioBasedParsingTest.php" line="238" assertions="2" time="0.007455"/>
        <testcase name="testCreditCardStatement" class="Tests\Integration\ScenarioBasedParsingTest" classname="Tests.Integration.ScenarioBasedParsingTest" file="C:\Users\prote\Documents\software-devel\ksf_ofxparser\tests\Integration\ScenarioBasedParsingTest.php" line="262" assertions="4" time="0.002882"/>
        <testcase name="testSpecialCharactersInFields" class="Tests\Integration\ScenarioBasedParsingTest" classname="Tests.Integration.ScenarioBasedParsingTest" file="C:\Users\prote\Documents\software-devel\ksf_ofxparser\tests\Integration\ScenarioBasedParsingTest.php" line="284" assertions="5" time="0.002882"/>
        <testcase name="testRoundTripParsing" class="Tests\Integration\ScenarioBasedParsingTest" classname="Tests.Integration.ScenarioBasedParsingTest" file="C:\Users\prote\Documents\software-devel\ksf_ofxparser\tests\Integration\ScenarioBasedParsingTest.php" line="311" assertions="31" time="0.006773"/>
        <testcase name="testConsistentRepeatParsing" class="Tests\Integration\ScenarioBasedParsingTest" classname="Tests.Integration.ScenarioBasedParsingTest" file="C:\Users\prote\Documents\software-devel\ksf_ofxparser\tests\Integration\ScenarioBasedParsingTest.php" line="334" assertions="9" time="0.008548"/>
      </testsuite>
      <testsuite name="OfxParserTest\Builder\TransactionBuilderTest" file="C:\Users\prote\Documents\software-devel\ksf_ofxparser\tests\OfxParser\Builder\TransactionBuilderTest.php" tests="16" assertions="79" errors="0" warnings="0" failures="0" skipped="0" time="0.122757">
        <testcase name="testBuildTransactionsWithCompleteTransaction" class="OfxParserTest\Builder\TransactionBuilderTest" classname="OfxParserTest.Builder.TransactionBuilderTest" file="C:\Users\prote\Documents\software-devel\ksf_ofxparser\tests\OfxParser\Builder\TransactionBuilderTest.php" line="47" assertions="14" time="0.006849"/>
        <testcase name="testBuildTransactionsWithRequiredFieldsOnly" class="OfxParserTest\Builder\TransactionBuilderTest" classname="OfxParserTest.Builder.TransactionBuilderTest" file="C:\Users\prote\Documents\software-devel\ksf_ofxparser\tests\OfxParser\Builder\TransactionBuilderTest.php" line="90" assertions="12" time="0.003042"/>
        <testcase name="testBuildTransactionsWithMultipleMemos" class="OfxParserTest\Builder\TransactionBuilderTest" classname="OfxParserTest.Builder.TransactionBuilderTest" file="C:\Users\prote\Documents\software-devel\ksf_ofxparser\tests\OfxParser\Builder\TransactionBuilderTest.php" line="123" assertions="2" time="0.002644"/>
        <testcase name="testBuildTransactionsWithPayee" class="OfxParserTest\Builder\TransactionBuilderTest" classname="OfxParserTest.Builder.TransactionBuilderTest" file="C:\Users\prote\Documents\software-devel\ksf_ofxparser\tests\OfxParser\Builder\TransactionBuilderTest.php" line="149" assertions="9" time="0.003177"/>
[...]
        <testcase name="testMultipleFieldStrategiesConfigured" class="Tests\Recovery\RecoveryStrategyTest" classname="Tests.Recovery.RecoveryStrategyTest" file="C:\Users\prote\Documents\software-devel\ksf_ofxparser\tests\Recovery\RecoveryStrategyTest.php" line="205" assertions="3" time="0.001350"/>
        <testcase name="testTransactionStrategiesComplementFieldStrategies" class="Tests\Recovery\RecoveryStrategyTest" classname="Tests.Recovery.RecoveryStrategyTest" file="C:\Users\prote\Documents\software-devel\ksf_ofxparser\tests\Recovery\RecoveryStrategyTest.php" line="220" assertions="4" time="0.002919"/>
        <testcase name="testRecoveryContextThrowsWhenNoStrategy" class="Tests\Recovery\RecoveryStrategyTest" classname="Tests.Recovery.RecoveryStrategyTest" file="C:\Users\prote\Documents\software-devel\ksf_ofxparser\tests\Recovery\RecoveryStrategyTest.php" line="239" assertions="1" time="0.001170"/>
        <testcase name="testStrictModeDisablesRecovery" class="Tests\Recovery\RecoveryStrategyTest" classname="Tests.Recovery.RecoveryStrategyTest" file="C:\Users\prote\Documents\software-devel\ksf_ofxparser\tests\Recovery\RecoveryStrategyTest.php" line="251" assertions="1" time="0.001340"/>
        <testcase name="testDefensiveModeEnablesRecovery" class="Tests\Recovery\RecoveryStrategyTest" classname="Tests.Recovery.RecoveryStrategyTest" file="C:\Users\prote\Documents\software-devel\ksf_ofxparser\tests\Recovery\RecoveryStrategyTest.php" line="264" assertions="1" time="0.001256"/>
        <testcase name="testRecoveryResultUsableInFlow" class="Tests\Recovery\RecoveryStrategyTest" classname="Tests.Recovery.RecoveryStrategyTest" file="C:\Users\prote\Documents\software-devel\ksf_ofxparser\tests\Recovery\RecoveryStrategyTest.php" line="275" assertions="2" time="0.001474"/>
        <testcase name="testStrategyAccessesContextData" class="Tests\Recovery\RecoveryStrategyTest" classname="Tests.Recovery.RecoveryStrategyTest" file="C:\Users\prote\Documents\software-devel\ksf_ofxparser\tests\Recovery\RecoveryStrategyTest.php" line="288" assertions="1" time="0.001263"/>
      </testsuite>
      <testsuite name="Tests\Regression\RegressionTest" file="C:\Users\prote\Documents\software-devel\ksf_ofxparser\tests\Regression\RegressionTest.php" tests="11" assertions="26" errors="0" warnings="0" failures="0" skipped="0" time="0.144220">
        <testcase name="testLargeAmountPrecisionPreserved" class="Tests\Regression\RegressionTest" classname="Tests.Regression.RegressionTest" file="C:\Users\prote\Documents\software-devel\ksf_ofxparser\tests\Regression\RegressionTest.php" line="45" assertions="1" time="0.009707"/>
        <testcase name="testZeroAmountNotNull" class="Tests\Regression\RegressionTest" classname="Tests.Regression.RegressionTest" file="C:\Users\prote\Documents\software-devel\ksf_ofxparser\tests\Regression\RegressionTest.php" line="72" assertions="2" time="0.002396"/>
        <testcase name="testNegativeAmountSignPreserved" class="Tests\Regression\RegressionTest" classname="Tests.Regression.RegressionTest" file="C:\Users\prote\Documents\software-devel\ksf_ofxparser\tests\Regression\RegressionTest.php" line="98" assertions="2" time="0.002412"/>
        <testcase name="testOldDatesCorrectlyParsed" class="Tests\Regression\RegressionTest" classname="Tests.Regression.RegressionTest" file="C:\Users\prote\Documents\software-devel\ksf_ofxparser\tests\Regression\RegressionTest.php" line="124" assertions="1" time="0.002537"/>
        <testcase name="testLeapYearDatesParsedCorrectly" class="Tests\Regression\RegressionTest" classname="Tests.Regression.RegressionTest" file="C:\Users\prote\Documents\software-devel\ksf_ofxparser\tests\Regression\RegressionTest.php" line="149" assertions="7" time="0.009063"/>
        <testcase name="testAmountRoundingConsistent" class="Tests\Regression\RegressionTest" classname="Tests.Regression.RegressionTest" file="C:\Users\prote\Documents\software-devel\ksf_ofxparser\tests\Regression\RegressionTest.php" line="178" assertions="3" time="0.005083"/>
        <testcase name="testXmlEntitiesDecoded" class="Tests\Regression\RegressionTest" classname="Tests.Regression.RegressionTest" file="C:\Users\prote\Documents\software-devel\ksf_ofxparser\tests\Regression\RegressionTest.php" line="212" assertions="1" time="0.002792"/>
        <testcase name="testLongTransactionIdHandled" class="Tests\Regression\RegressionTest" classname="Tests.Regression.RegressionTest" file="C:\Users\prote\Documents\software-devel\ksf_ofxparser\tests\Regression\RegressionTest.php" line="239" assertions="1" time="0.003622"/>
        <testcase name="testSameDateTransactionsSorted" class="Tests\Regression\RegressionTest" classname="Tests.Regression.RegressionTest" file="C:\Users\prote\Documents\software-devel\ksf_ofxparser\tests\Regression\RegressionTest.php" line="267" assertions="4" time="0.003149"/>
        <testcase name="testLargeStatementMemoryHandling" class="Tests\Regression\RegressionTest" classname="Tests.Regression.RegressionTest" file="C:\Users\prote\Documents\software-devel\ksf_ofxparser\tests\Regression\RegressionTest.php" line="298" assertions="2" time="0.100347"/>
        <testcase name="testParserStateDoesNotAffectResults" class="Tests\Regression\RegressionTest" classname="Tests.Regression.RegressionTest" file="C:\Users\prote\Documents\software-devel\ksf_ofxparser\tests\Regression\RegressionTest.php" line="317" assertions="2" time="0.003113"/>
      </testsuite>
      <testsuite name="OfxParserTest\Sgml\DateFormatterTest" file="C:\Users\prote\Documents\software-devel\ksf_ofxparser\tests\Sgml\DateFormatterTest.php" tests="7" assertions="46" errors="0" warnings="0" failures="0" skipped="0" time="0.011235">
        <testcase name="testGetRaw" class="OfxParserTest\Sgml\DateFormatterTest" classname="OfxParserTest.Sgml.DateFormatterTest" file="C:\Users\prote\Documents\software-devel\ksf_ofxparser\tests\Sgml\DateFormatterTest.php" line="10" assertions="4" time="0.001125"/>
        <testcase name="testGetNormalized" class="OfxParserTest\Sgml\DateFormatterTest" classname="OfxParserTest.Sgml.DateFormatterTest" file="C:\Users\prote\Documents\software-devel\ksf_ofxparser\tests\Sgml\DateFormatterTest.php" line="18" assertions="7" time="0.001640"/>
        <testcase name="testGetYMD" class="OfxParserTest\Sgml\DateFormatterTest" classname="OfxParserTest.Sgml.DateFormatterTest" file="C:\Users\prote\Documents\software-devel\ksf_ofxparser\tests\Sgml\DateFormatterTest.php" line="40" assertions="6" time="0.001695"/>
        <testcase name="testParseToDateTime" class="OfxParserTest\Sgml\DateFormatterTest" classname="OfxParserTest.Sgml.DateFormatterTest" file="C:\Users\prote\Documents\software-devel\ksf_ofxparser\tests\Sgml\DateFormatterTest.php" line="50" assertions="9" time="0.001907"/>
        <testcase name="testIsValid" class="OfxParserTest\Sgml\DateFormatterTest" classname="OfxParserTest.Sgml.DateFormatterTest" file="C:\Users\prote\Documents\software-devel\ksf_ofxparser\tests\Sgml\DateFormatterTest.php" line="73" assertions="11" time="0.002067"/>
        <testcase name="testFormat" class="OfxParserTest\Sgml\DateFormatterTest" classname="OfxParserTest.Sgml.DateFormatterTest" file="C:\Users\prote\Documents\software-devel\ksf_ofxparser\tests\Sgml\DateFormatterTest.php" line="91" assertions="5" time="0.001554"/>
        <testcase name="testEdgeCases" class="OfxParserTest\Sgml\DateFormatterTest" classname="OfxParserTest.Sgml.DateFormatterTest" file="C:\Users\prote\Documents\software-devel\ksf_ofxparser\tests\Sgml\DateFormatterTest.php" line="105" assertions="4" time="0.001248"/>
      </testsuite>
      <testsuite name="Tests\Sgml\ParserTest" file="C:\Users\prote\Documents\software-devel\ksf_ofxparser\tests\Sgml\ParserTest.php" tests="6" assertions="21" errors="0" warnings="0" failures="0" skipped="0" time="0.073710">
        <testcase name="testParsesSimpleElement" class="Tests\Sgml\ParserTest" classname="Tests.Sgml.ParserTest" file="C:\Users\prote\Documents\software-devel\ksf_ofxparser\tests\Sgml\ParserTest.php" line="12" assertions="6" time="0.006819"/>
        <testcase name="testHandlesUnclosedTags" class="Tests\Sgml\ParserTest" classname="Tests.Sgml.ParserTest" file="C:\Users\prote\Documents\software-devel\ksf_ofxparser\tests\Sgml\ParserTest.php" line="31" assertions="4" time="0.012480"/>
        <testcase name="testHandlesNestedContainers" class="Tests\Sgml\ParserTest" classname="Tests.Sgml.ParserTest" file="C:\Users\prote\Documents\software-devel\ksf_ofxparser\tests\Sgml\ParserTest.php" line="51" assertions="4" time="0.018829"/>
        <testcase name="testMagicGetterAccess" class="Tests\Sgml\ParserTest" classname="Tests.Sgml.ParserTest" file="C:\Users\prote\Documents\software-devel\ksf_ofxparser\tests\Sgml\ParserTest.php" line="77" assertions="1" time="0.008310"/>
        <testcase name="testValueElementValidation" class="Tests\Sgml\ParserTest" classname="Tests.Sgml.ParserTest" file="C:\Users\prote\Documents\software-devel\ksf_ofxparser\tests\Sgml\ParserTest.php" line="89" assertions="2" time="0.009332"/>
        <testcase name="testHandlesMultipleSiblings" class="Tests\Sgml\ParserTest" classname="Tests.Sgml.ParserTest" file="C:\Users\prote\Documents\software-devel\ksf_ofxparser\tests\Sgml\ParserTest.php" line="109" assertions="4" time="0.017940"/>
      </testsuite>
      <testsuite name="Tests\Sgml\TokenizerTest" file="C:\Users\prote\Documents\software-devel\ksf_ofxparser\tests\Sgml\TokenizerTest.php" tests="5" assertions="14" errors="0" warnings="0" failures="0" skipped="0" time="0.010605">
        <testcase name="testTokenizesOpeningTag" class="Tests\Sgml\TokenizerTest" classname="Tests.Sgml.TokenizerTest" file="C:\Users\prote\Documents\software-devel\ksf_ofxparser\tests\Sgml\TokenizerTest.php" line="11" assertions="2" time="0.001442"/>
        <testcase name="testTokenizesClosingTag" class="Tests\Sgml\TokenizerTest" classname="Tests.Sgml.TokenizerTest" file="C:\Users\prote\Documents\software-devel\ksf_ofxparser\tests\Sgml\TokenizerTest.php" line="20" assertions="2" time="0.001318"/>
        <testcase name="testTokenizesTextContent" class="Tests\Sgml\TokenizerTest" classname="Tests.Sgml.TokenizerTest" file="C:\Users\prote\Documents\software-devel\ksf_ofxparser\tests\Sgml\TokenizerTest.php" line="29" assertions="4" time="0.003756"/>
        <testcase name="testHandlesUnclosedTag" class="Tests\Sgml\TokenizerTest" classname="Tests.Sgml.TokenizerTest" file="C:\Users\prote\Documents\software-devel\ksf_ofxparser\tests\Sgml\TokenizerTest.php" line="44" assertions="4" time="0.002263"/>
        <testcase name="testSkipsWhitespaceBetweenTags" class="Tests\Sgml\TokenizerTest" classname="Tests.Sgml.TokenizerTest" file="C:\Users\prote\Documents\software-devel\ksf_ofxparser\tests\Sgml\TokenizerTest.php" line="61" assertions="2" time="0.001826"/>
      </testsuite>
      <testsuite name="Tests\TestOFXHelperTest" file="C:\Users\prote\Documents\software-devel\ksf_ofxparser\tests\TestOFXHelperTest.php" tests="1" assertions="0" errors="0" warnings="0" failures="0" skipped="1" time="0.000914">
        <testcase name="testSimpleOFXParsing" class="Tests\TestOFXHelperTest" classname="Tests.TestOFXHelperTest" file="C:\Users\prote\Documents\software-devel\ksf_ofxparser\tests\TestOFXHelperTest.php" line="19" assertions="0" time="0.000914">
          <skipped/>
        </testcase>
      </testsuite>
      <testsuite name="Tests\Unit\EdgeCaseParsingTest" file="C:\Users\prote\Documents\software-devel\ksf_ofxparser\tests\Unit\EdgeCaseParsingTest.php" tests="22" assertions="37" errors="0" warnings="0" failures="0" skipped="0" time="0.070926">
        <testcase name="testParseMinimumPositiveAmount" class="Tests\Unit\EdgeCaseParsingTest" classname="Tests.Unit.EdgeCaseParsingTest" file="C:\Users\prote\Documents\software-devel\ksf_ofxparser\tests\Unit\EdgeCaseParsingTest.php" line="41" assertions="1" time="0.002157"/>
        <testcase name="testParseMaximumPositiveAmount" class="Tests\Unit\EdgeCaseParsingTest" classname="Tests.Unit.EdgeCaseParsingTest" file="C:\Users\prote\Documents\software-devel\ksf_ofxparser\tests\Unit\EdgeCaseParsingTest.php" line="61" assertions="1" time="0.002386"/>
        <testcase name="testParseMinimumNegativeAmount" class="Tests\Unit\EdgeCaseParsingTest" classname="Tests.Unit.EdgeCaseParsingTest" file="C:\Users\prote\Documents\software-devel\ksf_ofxparser\tests\Unit\EdgeCaseParsingTest.php" line="81" assertions="1" time="0.002441"/>
        <testcase name="testParseMaximumNegativeAmount" class="Tests\Unit\EdgeCaseParsingTest" classname="Tests.Unit.EdgeCaseParsingTest" file="C:\Users\prote\Documents\software-devel\ksf_ofxparser\tests\Unit\EdgeCaseParsingTest.php" line="101" assertions="1" time="0.002105"/>
        <testcase name="testParseAmountWithExtraDecimals" class="Tests\Unit\EdgeCaseParsingTest" classname="Tests.Unit.EdgeCaseParsingTest" file="C:\Users\prote\Documents\software-devel\ksf_ofxparser\tests\Unit\EdgeCaseParsingTest.php" line="121" assertions="1" time="0.002128"/>
        <testcase name="testParseAmountWithoutDecimal" class="Tests\Unit\EdgeCaseParsingTest" classname="Tests.Unit.EdgeCaseParsingTest" file="C:\Users\prote\Documents\software-devel\ksf_ofxparser\tests\Unit\EdgeCaseParsingTest.php" line="142" assertions="1" time="0.002216"/>
        <testcase name="testParseZeroAmount" class="Tests\Unit\EdgeCaseParsingTest" classname="Tests.Unit.EdgeCaseParsingTest" file="C:\Users\prote\Documents\software-devel\ksf_ofxparser\tests\Unit\EdgeCaseParsingTest.php" line="162" assertions="3" time="0.003862"/>
        <testcase name="testParseAmountWithLeadingZeros" class="Tests\Unit\EdgeCaseParsingTest" classname="Tests.Unit.EdgeCaseParsingTest" file="C:\Users\prote\Documents\software-devel\ksf_ofxparser\tests\Unit\EdgeCaseParsingTest.php" line="186" assertions="1" time="0.002332"/>
        <testcase name="testParseUnixEpoch" class="Tests\Unit\EdgeCaseParsingTest" classname="Tests.Unit.EdgeCaseParsingTest" file="C:\Users\prote\Documents\software-devel\ksf_ofxparser\tests\Unit\EdgeCaseParsingTest.php" line="210" assertions="1" time="0.002432"/>
        <testcase name="testParseY2KDate" class="Tests\Unit\EdgeCaseParsingTest" classname="Tests.Unit.EdgeCaseParsingTest" file="C:\Users\prote\Documents\software-devel\ksf_ofxparser\tests\Unit\EdgeCaseParsingTest.php" line="230" assertions="1" time="0.002082"/>
        <testcase name="testParseLeapYearDate" class="Tests\Unit\EdgeCaseParsingTest" classname="Tests.Unit.EdgeCaseParsingTest" file="C:\Users\prote\Documents\software-devel\ksf_ofxparser\tests\Unit\EdgeCaseParsingTest.php" line="250" assertions="1" time="0.002290"/>
        <testcase name="testParseYearEnd" class="Tests\Unit\EdgeCaseParsingTest" classname="Tests.Unit.EdgeCaseParsingTest" file="C:\Users\prote\Documents\software-devel\ksf_ofxparser\tests\Unit\EdgeCaseParsingTest.php" line="270" assertions="1" time="0.002317"/>
        <testcase name="testParseFarFutureDate" class="Tests\Unit\EdgeCaseParsingTest" classname="Tests.Unit.EdgeCaseParsingTest" file="C:\Users\prote\Documents\software-devel\ksf_ofxparser\tests\Unit\EdgeCaseParsingTest.php" line="290" assertions="1" time="0.003155"/>
        <testcase name="testParseDateWithTime" class="Tests\Unit\EdgeCaseParsingTest" classname="Tests.Unit.EdgeCaseParsingTest" file="C:\Users\prote\Documents\software-devel\ksf_ofxparser\tests\Unit\EdgeCaseParsingTest.php" line="310" assertions="2" time="0.002190"/>
        <testcase name="testMaximumTransactionIdLength" class="Tests\Unit\EdgeCaseParsingTest" classname="Tests.Unit.EdgeCaseParsingTest" file="C:\Users\prote\Documents\software-devel\ksf_ofxparser\tests\Unit\EdgeCaseParsingTest.php" line="336" assertions="1" time="0.002245"/>
        <testcase name="testMaximumMemoLength" class="Tests\Unit\EdgeCaseParsingTest" classname="Tests.Unit.EdgeCaseParsingTest" file="C:\Users\prote\Documents\software-devel\ksf_ofxparser\tests\Unit\EdgeCaseParsingTest.php" line="359" assertions="1" time="0.004551"/>
        <testcase name="testMaximumPayeeLength" class="Tests\Unit\EdgeCaseParsingTest" classname="Tests.Unit.EdgeCaseParsingTest" file="C:\Users\prote\Documents\software-devel\ksf_ofxparser\tests\Unit\EdgeCaseParsingTest.php" line="382" assertions="1" time="0.004259"/>
        <testcase name="testAmpersandInField" class="Tests\Unit\EdgeCaseParsingTest" classname="Tests.Unit.EdgeCaseParsingTest" file="C:\Users\prote\Documents\software-devel\ksf_ofxparser\tests\Unit\EdgeCaseParsingTest.php" line="409" assertions="1" time="0.002681"/>
        <testcase name="testQuotesInField" class="Tests\Unit\EdgeCaseParsingTest" classname="Tests.Unit.EdgeCaseParsingTest" file="C:\Users\prote\Documents\software-devel\ksf_ofxparser\tests\Unit\EdgeCaseParsingTest.php" line="430" assertions="1" time="0.002988"/>
        <testcase name="testXmlEntitiesInField" class="Tests\Unit\EdgeCaseParsingTest" classname="Tests.Unit.EdgeCaseParsingTest" file="C:\Users\prote\Documents\software-devel\ksf_ofxparser\tests\Unit\EdgeCaseParsingTest.php" line="450" assertions="3" time="0.002241"/>
        <testcase name="testNewlinesInField" class="Tests\Unit\EdgeCaseParsingTest" classname="Tests.Unit.EdgeCaseParsingTest" file="C:\Users\prote\Documents\software-devel\ksf_ofxparser\tests\Unit\EdgeCaseParsingTest.php" line="472" assertions="1" time="0.002267"/>
        <testcase name="testTransactionTypeRecognition" class="Tests\Unit\EdgeCaseParsingTest" classname="Tests.Unit.EdgeCaseParsingTest" file="C:\Users\prote\Documents\software-devel\ksf_ofxparser\tests\Unit\EdgeCaseParsingTest.php" line="497" assertions="11" time="0.015601"/>
      </testsuite>
      <testsuite name="OfxParserTest\VersionCompatibilityTest" file="C:\Users\prote\Documents\software-devel\ksf_ofxparser\tests\VersionCompatibilityTest.php" tests="6" assertions="6" errors="0" warnings="0" failures="0" skipped="0" time="9.217676">
        <testcase name="testNoTypedPropertiesInPhp73Code" class="OfxParserTest\VersionCompatibilityTest" classname="OfxParserTest.VersionCompatibilityTest" file="C:\Users\prote\Documents\software-devel\ksf_ofxparser\tests\VersionCompatibilityTest.php" line="34" assertions="1" time="8.999422"/>
        <testcase name="testNoArrowFunctionsInPhp73Code" class="OfxParserTest\VersionCompatibilityTest" classname="OfxParserTest.VersionCompatibilityTest" file="C:\Users\prote\Documents\software-devel\ksf_ofxparser\tests\VersionCompatibilityTest.php" line="50" assertions="1" time="0.039710"/>
        <testcase name="testNoUnionTypesInPhp73Code" class="OfxParserTest\VersionCompatibilityTest" classname="OfxParserTest.VersionCompatibilityTest" file="C:\Users\prote\Documents\software-devel\ksf_ofxparser\tests\VersionCompatibilityTest.php" line="70" assertions="1" time="0.034852"/>
        <testcase name="testNoMatchExpressionsInPhp73Code" class="OfxParserTest\VersionCompatibilityTest" classname="OfxParserTest.VersionCompatibilityTest" file="C:\Users\prote\Documents\software-devel\ksf_ofxparser\tests\VersionCompatibilityTest.php" line="92" assertions="1" time="0.027999"/>
        <testcase name="testNoNamedArgumentsInPhp73Code" class="OfxParserTest\VersionCompatibilityTest" classname="OfxParserTest.VersionCompatibilityTest" file="C:\Users\prote\Documents\software-devel\ksf_ofxparser\tests\VersionCompatibilityTest.php" line="112" assertions="1" time="0.051535"/>
        <testcase name="testNoNullCoalescingAssignmentInPhp73Code" class="OfxParserTest\VersionCompatibilityTest" classname="OfxParserTest.VersionCompatibilityTest" file="C:\Users\prote\Documents\software-devel\ksf_ofxparser\tests\VersionCompatibilityTest.php" line="144" assertions="1" time="0.064158"/>
      </testsuite>
    </testsuite>
  </testsuite>
</testsuites>
>
